main	<ModuleEntryPoint>	call    00401000		EAX=099B4127, ECX=00401015, EDX=00401015, EBX=00344000, ESP=0019FF84, EBP=0019FF94, ESI=00401015, EDI=00401015
main	00401000	push    00404781	[0019FF7C]=00000000	EAX=099B4127, ECX=00401015, EDX=00401015, EBX=00344000, ESP=0019FF80, EBP=0019FF94, ESI=00401015, EDI=00401015
main	00401005	call    0040472C		EAX=099B4127, ECX=00401015, EDX=00401015, EBX=00344000, ESP=0019FF7C, EBP=0019FF94, ESI=00401015, EDI=00401015
main	0040472C	push    esi	[0019FF74]=00000000	EAX=099B4127, ECX=00401015, EDX=00401015, EBX=00344000, ESP=0019FF78, EBP=0019FF94, ESI=00401015, EDI=00401015
main	0040472D	push    edi	[0019FF70]=00000000	EAX=099B4127, ECX=00401015, EDX=00401015, EBX=00344000, ESP=0019FF74, EBP=0019FF94, ESI=00401015, EDI=00401015
main	0040472E	push    esp	[0019FF6C]=00000000	EAX=099B4127, ECX=00401015, EDX=00401015, EBX=00344000, ESP=0019FF70, EBP=0019FF94, ESI=00401015, EDI=00401015
main	0040472F	push    ebx	[0019FF68]=00000000	EAX=099B4127, ECX=00401015, EDX=00401015, EBX=00344000, ESP=0019FF6C, EBP=0019FF94, ESI=00401015, EDI=00401015
main	00404730	push    eax	[0019FF64]=00000000	EAX=099B4127, ECX=00401015, EDX=00401015, EBX=00344000, ESP=0019FF68, EBP=0019FF94, ESI=00401015, EDI=00401015
main	00404731	push    edx	[0019FF60]=00000000	EAX=099B4127, ECX=00401015, EDX=00401015, EBX=00344000, ESP=0019FF64, EBP=0019FF94, ESI=00401015, EDI=00401015
main	00404732	push    ebp	[0019FF5C]=00000000	EAX=099B4127, ECX=00401015, EDX=00401015, EBX=00344000, ESP=0019FF60, EBP=0019FF94, ESI=00401015, EDI=00401015
main	00404733	pushfd	[0019FF58]=00000000	EAX=099B4127, ECX=00401015, EDX=00401015, EBX=00344000, ESP=0019FF5C, EBP=0019FF94, ESI=00401015, EDI=00401015
main	00404734	push    ecx	[0019FF54]=00000000	EAX=099B4127, ECX=00401015, EDX=00401015, EBX=00344000, ESP=0019FF58, EBP=0019FF94, ESI=00401015, EDI=00401015
main	00404735	push    dword ptr ds:[404649]	[00404649]=00000000	EAX=099B4127, ECX=00401015, EDX=00401015, EBX=00344000, ESP=0019FF54, EBP=0019FF94, ESI=00401015, EDI=00401015
main	0040473B	push    0	[0019FF4C]=00000000	EAX=099B4127, ECX=00401015, EDX=00401015, EBX=00344000, ESP=0019FF50, EBP=0019FF94, ESI=00401015, EDI=00401015
main	00404740	mov     esi, dword ptr ss:[esp+30]	[0019FF7C]=00404781	EAX=099B4127, ECX=00401015, EDX=00401015, EBX=00344000, ESP=0019FF4C, EBP=0019FF94, ESI=00401015, EDI=00401015
main	00404744	mov     ebp, esp		EAX=099B4127, ECX=00401015, EDX=00401015, EBX=00344000, ESP=0019FF4C, EBP=0019FF94, ESI=00404781, EDI=00401015
main	00404746	sub     esp, 0C0		EAX=099B4127, ECX=00401015, EDX=00401015, EBX=00344000, ESP=0019FF4C, EBP=0019FF4C, ESI=00404781, EDI=00401015
main	0040474C	mov     edi, esp		EAX=099B4127, ECX=00401015, EDX=00401015, EBX=00344000, ESP=0019FE8C, EBP=0019FF4C, ESI=00404781, EDI=00401015
main	0040474E	add     esi, dword ptr ss:[ebp]	[0019FF4C]=00000000	EAX=099B4127, ECX=00401015, EDX=00401015, EBX=00344000, ESP=0019FE8C, EBP=0019FF4C, ESI=00404781, EDI=0019FE8C
main	00404751	mov     al, byte ptr ds:[esi]	[00404781]=0E	EAX=099B4127, ECX=00401015, EDX=00401015, EBX=00344000, ESP=0019FE8C, EBP=0019FF4C, ESI=00404781, EDI=0019FE8C
main	00404753	movzx   eax, al		EAX=099B410E, ECX=00401015, EDX=00401015, EBX=00344000, ESP=0019FE8C, EBP=0019FF4C, ESI=00404781, EDI=0019FE8C
main	00404756	inc     esi		EAX=0000000E, ECX=00401015, EDX=00401015, EBX=00344000, ESP=0019FE8C, EBP=0019FF4C, ESI=00404781, EDI=0019FE8C
main	00404757	jmp     dword ptr ds:[eax*4+40409C]	[004040D4]=00404058	EAX=0000000E, ECX=00401015, EDX=00401015, EBX=00344000, ESP=0019FE8C, EBP=0019FF4C, ESI=00404782, EDI=0019FE8C
main	00404058	and     al, 3C		EAX=0000000E, ECX=00401015, EDX=00401015, EBX=00344000, ESP=0019FE8C, EBP=0019FF4C, ESI=00404782, EDI=0019FE8C
main	0040405B	mov     edx, dword ptr ss:[ebp]	[0019FF4C]=00000000	EAX=0000000C, ECX=00401015, EDX=00401015, EBX=00344000, ESP=0019FE8C, EBP=0019FF4C, ESI=00404782, EDI=0019FE8C
main	0040405E	add     ebp, 4		EAX=0000000C, ECX=00401015, EDX=00000000, EBX=00344000, ESP=0019FE8C, EBP=0019FF4C, ESI=00404782, EDI=0019FE8C
main	00404061	mov     dword ptr ds:[eax+edi], edx	[0019FE98]=00000000	EAX=0000000C, ECX=00401015, EDX=00000000, EBX=00344000, ESP=0019FE8C, EBP=0019FF50, ESI=00404782, EDI=0019FE8C
main	00404064	jmp     00404751		EAX=0000000C, ECX=00401015, EDX=00000000, EBX=00344000, ESP=0019FE8C, EBP=0019FF50, ESI=00404782, EDI=0019FE8C
main	00404751	mov     al, byte ptr ds:[esi]	[00404782]=E8	EAX=0000000C, ECX=00401015, EDX=00000000, EBX=00344000, ESP=0019FE8C, EBP=0019FF50, ESI=00404782, EDI=0019FE8C
main	00404753	movzx   eax, al		EAX=000000E8, ECX=00401015, EDX=00000000, EBX=00344000, ESP=0019FE8C, EBP=0019FF50, ESI=00404782, EDI=0019FE8C
main	00404756	inc     esi		EAX=000000E8, ECX=00401015, EDX=00000000, EBX=00344000, ESP=0019FE8C, EBP=0019FF50, ESI=00404782, EDI=0019FE8C
main	00404757	jmp     dword ptr ds:[eax*4+40409C]	[0040443C]=0040462B	EAX=000000E8, ECX=00401015, EDX=00000000, EBX=00344000, ESP=0019FE8C, EBP=0019FF50, ESI=00404783, EDI=0019FE8C
main	0040462B	mov     eax, dword ptr ds:[esi]	[00404783]=765DA981	EAX=000000E8, ECX=00401015, EDX=00000000, EBX=00344000, ESP=0019FE8C, EBP=0019FF50, ESI=00404783, EDI=0019FE8C
main	0040462D	sub     ebp, 4		EAX=765DA981, ECX=00401015, EDX=00000000, EBX=00344000, ESP=0019FE8C, EBP=0019FF50, ESI=00404783, EDI=0019FE8C
main	00404630	lea     esi, [esi+4]	[00404787]=5C	EAX=765DA981, ECX=00401015, EDX=00000000, EBX=00344000, ESP=0019FE8C, EBP=0019FF4C, ESI=00404783, EDI=0019FE8C
main	00404633	mov     dword ptr ss:[ebp], eax	[0019FF4C]=00000000	EAX=765DA981, ECX=00401015, EDX=00000000, EBX=00344000, ESP=0019FE8C, EBP=0019FF4C, ESI=00404787, EDI=0019FE8C
main	00404636	jmp     0040400F		EAX=765DA981, ECX=00401015, EDX=00000000, EBX=00344000, ESP=0019FE8C, EBP=0019FF4C, ESI=00404787, EDI=0019FE8C
main	0040400F	lea     eax, [edi+50]	[0019FEDC]=00	EAX=765DA981, ECX=00401015, EDX=00000000, EBX=00344000, ESP=0019FE8C, EBP=0019FF4C, ESI=00404787, EDI=0019FE8C
main	00404012	cmp     ebp, eax		EAX=0019FEDC, ECX=00401015, EDX=00000000, EBX=00344000, ESP=0019FE8C, EBP=0019FF4C, ESI=00404787, EDI=0019FE8C
main	00404014	ja      00404751		EAX=0019FEDC, ECX=00401015, EDX=00000000, EBX=00344000, ESP=0019FE8C, EBP=0019FF4C, ESI=00404787, EDI=0019FE8C
main	00404751	mov     al, byte ptr ds:[esi]	[00404787]=5C	EAX=0019FEDC, ECX=00401015, EDX=00000000, EBX=00344000, ESP=0019FE8C, EBP=0019FF4C, ESI=00404787, EDI=0019FE8C
main	00404753	movzx   eax, al		EAX=0019FE5C, ECX=00401015, EDX=00000000, EBX=00344000, ESP=0019FE8C, EBP=0019FF4C, ESI=00404787, EDI=0019FE8C
main	00404756	inc     esi		EAX=0000005C, ECX=00401015, EDX=00000000, EBX=00344000, ESP=0019FE8C, EBP=0019FF4C, ESI=00404787, EDI=0019FE8C
main	00404757	jmp     dword ptr ds:[eax*4+40409C]	[0040420C]=00404000	EAX=0000005C, ECX=00401015, EDX=00000000, EBX=00344000, ESP=0019FE8C, EBP=0019FF4C, ESI=00404788, EDI=0019FE8C
main	00404000	mov     eax, dword ptr ss:[ebp]	[0019FF4C]=765DA981	EAX=0000005C, ECX=00401015, EDX=00000000, EBX=00344000, ESP=0019FE8C, EBP=0019FF4C, ESI=00404788, EDI=0019FE8C
main	00404003	add     dword ptr ss:[ebp+4], eax	[0019FF50]=00000000	EAX=765DA981, ECX=00401015, EDX=00000000, EBX=00344000, ESP=0019FE8C, EBP=0019FF4C, ESI=00404788, EDI=0019FE8C
main	00404006	pushfd	[0019FE88]=00000000	EAX=765DA981, ECX=00401015, EDX=00000000, EBX=00344000, ESP=0019FE8C, EBP=0019FF4C, ESI=00404788, EDI=0019FE8C
main	00404007	pop     dword ptr ss:[ebp]	[0019FF4C]=765DA981	EAX=765DA981, ECX=00401015, EDX=00000000, EBX=00344000, ESP=0019FE88, EBP=0019FF4C, ESI=00404788, EDI=0019FE8C
main	0040400A	jmp     00404751		EAX=765DA981, ECX=00401015, EDX=00000000, EBX=00344000, ESP=0019FE8C, EBP=0019FF4C, ESI=00404788, EDI=0019FE8C
main	00404751	mov     al, byte ptr ds:[esi]	[00404788]=1E	EAX=765DA981, ECX=00401015, EDX=00000000, EBX=00344000, ESP=0019FE8C, EBP=0019FF4C, ESI=00404788, EDI=0019FE8C
main	00404753	movzx   eax, al		EAX=765DA91E, ECX=00401015, EDX=00000000, EBX=00344000, ESP=0019FE8C, EBP=0019FF4C, ESI=00404788, EDI=0019FE8C
main	00404756	inc     esi		EAX=0000001E, ECX=00401015, EDX=00000000, EBX=00344000, ESP=0019FE8C, EBP=0019FF4C, ESI=00404788, EDI=0019FE8C
main	00404757	jmp     dword ptr ds:[eax*4+40409C]	[00404114]=00404058	EAX=0000001E, ECX=00401015, EDX=00000000, EBX=00344000, ESP=0019FE8C, EBP=0019FF4C, ESI=00404789, EDI=0019FE8C
main	00404058	and     al, 3C		EAX=0000001E, ECX=00401015, EDX=00000000, EBX=00344000, ESP=0019FE8C, EBP=0019FF4C, ESI=00404789, EDI=0019FE8C
main	0040405B	mov     edx, dword ptr ss:[ebp]	[0019FF4C]=00000206	EAX=0000001C, ECX=00401015, EDX=00000000, EBX=00344000, ESP=0019FE8C, EBP=0019FF4C, ESI=00404789, EDI=0019FE8C
main	0040405E	add     ebp, 4		EAX=0000001C, ECX=00401015, EDX=00000206, EBX=00344000, ESP=0019FE8C, EBP=0019FF4C, ESI=00404789, EDI=0019FE8C
main	00404061	mov     dword ptr ds:[eax+edi], edx	[0019FEA8]=00000000	EAX=0000001C, ECX=00401015, EDX=00000206, EBX=00344000, ESP=0019FE8C, EBP=0019FF50, ESI=00404789, EDI=0019FE8C
main	00404064	jmp     00404751		EAX=0000001C, ECX=00401015, EDX=00000206, EBX=00344000, ESP=0019FE8C, EBP=0019FF50, ESI=00404789, EDI=0019FE8C
main	00404751	mov     al, byte ptr ds:[esi]	[00404789]=1A	EAX=0000001C, ECX=00401015, EDX=00000206, EBX=00344000, ESP=0019FE8C, EBP=0019FF50, ESI=00404789, EDI=0019FE8C
main	00404753	movzx   eax, al		EAX=0000001A, ECX=00401015, EDX=00000206, EBX=00344000, ESP=0019FE8C, EBP=0019FF50, ESI=00404789, EDI=0019FE8C
main	00404756	inc     esi		EAX=0000001A, ECX=00401015, EDX=00000206, EBX=00344000, ESP=0019FE8C, EBP=0019FF50, ESI=00404789, EDI=0019FE8C
main	00404757	jmp     dword ptr ds:[eax*4+40409C]	[00404104]=00404058	EAX=0000001A, ECX=00401015, EDX=00000206, EBX=00344000, ESP=0019FE8C, EBP=0019FF50, ESI=0040478A, EDI=0019FE8C
main	00404058	and     al, 3C		EAX=0000001A, ECX=00401015, EDX=00000206, EBX=00344000, ESP=0019FE8C, EBP=0019FF50, ESI=0040478A, EDI=0019FE8C
main	0040405B	mov     edx, dword ptr ss:[ebp]	[0019FF50]=765DA981	EAX=00000018, ECX=00401015, EDX=00000206, EBX=00344000, ESP=0019FE8C, EBP=0019FF50, ESI=0040478A, EDI=0019FE8C
main	0040405E	add     ebp, 4		EAX=00000018, ECX=00401015, EDX=765DA981, EBX=00344000, ESP=0019FE8C, EBP=0019FF50, ESI=0040478A, EDI=0019FE8C
main	00404061	mov     dword ptr ds:[eax+edi], edx	[0019FEA4]=00000000	EAX=00000018, ECX=00401015, EDX=765DA981, EBX=00344000, ESP=0019FE8C, EBP=0019FF54, ESI=0040478A, EDI=0019FE8C
main	00404064	jmp     00404751		EAX=00000018, ECX=00401015, EDX=765DA981, EBX=00344000, ESP=0019FE8C, EBP=0019FF54, ESI=0040478A, EDI=0019FE8C
main	00404751	mov     al, byte ptr ds:[esi]	[0040478A]=0A	EAX=00000018, ECX=00401015, EDX=765DA981, EBX=00344000, ESP=0019FE8C, EBP=0019FF54, ESI=0040478A, EDI=0019FE8C
main	00404753	movzx   eax, al		EAX=0000000A, ECX=00401015, EDX=765DA981, EBX=00344000, ESP=0019FE8C, EBP=0019FF54, ESI=0040478A, EDI=0019FE8C
main	00404756	inc     esi		EAX=0000000A, ECX=00401015, EDX=765DA981, EBX=00344000, ESP=0019FE8C, EBP=0019FF54, ESI=0040478A, EDI=0019FE8C
main	00404757	jmp     dword ptr ds:[eax*4+40409C]	[004040C4]=00404058	EAX=0000000A, ECX=00401015, EDX=765DA981, EBX=00344000, ESP=0019FE8C, EBP=0019FF54, ESI=0040478B, EDI=0019FE8C
main	00404058	and     al, 3C		EAX=0000000A, ECX=00401015, EDX=765DA981, EBX=00344000, ESP=0019FE8C, EBP=0019FF54, ESI=0040478B, EDI=0019FE8C
main	0040405B	mov     edx, dword ptr ss:[ebp]	[0019FF54]=00401015	EAX=00000008, ECX=00401015, EDX=765DA981, EBX=00344000, ESP=0019FE8C, EBP=0019FF54, ESI=0040478B, EDI=0019FE8C
main	0040405E	add     ebp, 4		EAX=00000008, ECX=00401015, EDX=00401015, EBX=00344000, ESP=0019FE8C, EBP=0019FF54, ESI=0040478B, EDI=0019FE8C
main	00404061	mov     dword ptr ds:[eax+edi], edx	[0019FE94]=00000000	EAX=00000008, ECX=00401015, EDX=00401015, EBX=00344000, ESP=0019FE8C, EBP=0019FF58, ESI=0040478B, EDI=0019FE8C
main	00404064	jmp     00404751		EAX=00000008, ECX=00401015, EDX=00401015, EBX=00344000, ESP=0019FE8C, EBP=0019FF58, ESI=0040478B, EDI=0019FE8C
main	00404751	mov     al, byte ptr ds:[esi]	[0040478B]=3E	EAX=00000008, ECX=00401015, EDX=00401015, EBX=00344000, ESP=0019FE8C, EBP=0019FF58, ESI=0040478B, EDI=0019FE8C
main	00404753	movzx   eax, al		EAX=0000003E, ECX=00401015, EDX=00401015, EBX=00344000, ESP=0019FE8C, EBP=0019FF58, ESI=0040478B, EDI=0019FE8C
main	00404756	inc     esi		EAX=0000003E, ECX=00401015, EDX=00401015, EBX=00344000, ESP=0019FE8C, EBP=0019FF58, ESI=0040478B, EDI=0019FE8C
main	00404757	jmp     dword ptr ds:[eax*4+40409C]	[00404194]=00404058	EAX=0000003E, ECX=00401015, EDX=00401015, EBX=00344000, ESP=0019FE8C, EBP=0019FF58, ESI=0040478C, EDI=0019FE8C
main	00404058	and     al, 3C		EAX=0000003E, ECX=00401015, EDX=00401015, EBX=00344000, ESP=0019FE8C, EBP=0019FF58, ESI=0040478C, EDI=0019FE8C
main	0040405B	mov     edx, dword ptr ss:[ebp]	[0019FF58]=00000246	EAX=0000003C, ECX=00401015, EDX=00401015, EBX=00344000, ESP=0019FE8C, EBP=0019FF58, ESI=0040478C, EDI=0019FE8C
main	0040405E	add     ebp, 4		EAX=0000003C, ECX=00401015, EDX=00000246, EBX=00344000, ESP=0019FE8C, EBP=0019FF58, ESI=0040478C, EDI=0019FE8C
main	00404061	mov     dword ptr ds:[eax+edi], edx	[0019FEC8]=00000000	EAX=0000003C, ECX=00401015, EDX=00000246, EBX=00344000, ESP=0019FE8C, EBP=0019FF5C, ESI=0040478C, EDI=0019FE8C
main	00404064	jmp     00404751		EAX=0000003C, ECX=00401015, EDX=00000246, EBX=00344000, ESP=0019FE8C, EBP=0019FF5C, ESI=0040478C, EDI=0019FE8C
main	00404751	mov     al, byte ptr ds:[esi]	[0040478C]=2E	EAX=0000003C, ECX=00401015, EDX=00000246, EBX=00344000, ESP=0019FE8C, EBP=0019FF5C, ESI=0040478C, EDI=0019FE8C
main	00404753	movzx   eax, al		EAX=0000002E, ECX=00401015, EDX=00000246, EBX=00344000, ESP=0019FE8C, EBP=0019FF5C, ESI=0040478C, EDI=0019FE8C
main	00404756	inc     esi		EAX=0000002E, ECX=00401015, EDX=00000246, EBX=00344000, ESP=0019FE8C, EBP=0019FF5C, ESI=0040478C, EDI=0019FE8C
main	00404757	jmp     dword ptr ds:[eax*4+40409C]	[00404154]=00404058	EAX=0000002E, ECX=00401015, EDX=00000246, EBX=00344000, ESP=0019FE8C, EBP=0019FF5C, ESI=0040478D, EDI=0019FE8C
main	00404058	and     al, 3C		EAX=0000002E, ECX=00401015, EDX=00000246, EBX=00344000, ESP=0019FE8C, EBP=0019FF5C, ESI=0040478D, EDI=0019FE8C
main	0040405B	mov     edx, dword ptr ss:[ebp]	[0019FF5C]=0019FF94	EAX=0000002C, ECX=00401015, EDX=00000246, EBX=00344000, ESP=0019FE8C, EBP=0019FF5C, ESI=0040478D, EDI=0019FE8C
main	0040405E	add     ebp, 4		EAX=0000002C, ECX=00401015, EDX=0019FF94, EBX=00344000, ESP=0019FE8C, EBP=0019FF5C, ESI=0040478D, EDI=0019FE8C
main	00404061	mov     dword ptr ds:[eax+edi], edx	[0019FEB8]=00000000	EAX=0000002C, ECX=00401015, EDX=0019FF94, EBX=00344000, ESP=0019FE8C, EBP=0019FF60, ESI=0040478D, EDI=0019FE8C
main	00404064	jmp     00404751		EAX=0000002C, ECX=00401015, EDX=0019FF94, EBX=00344000, ESP=0019FE8C, EBP=0019FF60, ESI=0040478D, EDI=0019FE8C
main	00404751	mov     al, byte ptr ds:[esi]	[0040478D]=26	EAX=0000002C, ECX=00401015, EDX=0019FF94, EBX=00344000, ESP=0019FE8C, EBP=0019FF60, ESI=0040478D, EDI=0019FE8C
main	00404753	movzx   eax, al		EAX=00000026, ECX=00401015, EDX=0019FF94, EBX=00344000, ESP=0019FE8C, EBP=0019FF60, ESI=0040478D, EDI=0019FE8C
main	00404756	inc     esi		EAX=00000026, ECX=00401015, EDX=0019FF94, EBX=00344000, ESP=0019FE8C, EBP=0019FF60, ESI=0040478D, EDI=0019FE8C
main	00404757	jmp     dword ptr ds:[eax*4+40409C]	[00404134]=00404058	EAX=00000026, ECX=00401015, EDX=0019FF94, EBX=00344000, ESP=0019FE8C, EBP=0019FF60, ESI=0040478E, EDI=0019FE8C
main	00404058	and     al, 3C		EAX=00000026, ECX=00401015, EDX=0019FF94, EBX=00344000, ESP=0019FE8C, EBP=0019FF60, ESI=0040478E, EDI=0019FE8C
main	0040405B	mov     edx, dword ptr ss:[ebp]	[0019FF60]=00401015	EAX=00000024, ECX=00401015, EDX=0019FF94, EBX=00344000, ESP=0019FE8C, EBP=0019FF60, ESI=0040478E, EDI=0019FE8C
main	0040405E	add     ebp, 4		EAX=00000024, ECX=00401015, EDX=00401015, EBX=00344000, ESP=0019FE8C, EBP=0019FF60, ESI=0040478E, EDI=0019FE8C
main	00404061	mov     dword ptr ds:[eax+edi], edx	[0019FEB0]=00000000	EAX=00000024, ECX=00401015, EDX=00401015, EBX=00344000, ESP=0019FE8C, EBP=0019FF64, ESI=0040478E, EDI=0019FE8C
main	00404064	jmp     00404751		EAX=00000024, ECX=00401015, EDX=00401015, EBX=00344000, ESP=0019FE8C, EBP=0019FF64, ESI=0040478E, EDI=0019FE8C
main	00404751	mov     al, byte ptr ds:[esi]	[0040478E]=36	EAX=00000024, ECX=00401015, EDX=00401015, EBX=00344000, ESP=0019FE8C, EBP=0019FF64, ESI=0040478E, EDI=0019FE8C
main	00404753	movzx   eax, al		EAX=00000036, ECX=00401015, EDX=00401015, EBX=00344000, ESP=0019FE8C, EBP=0019FF64, ESI=0040478E, EDI=0019FE8C
main	00404756	inc     esi		EAX=00000036, ECX=00401015, EDX=00401015, EBX=00344000, ESP=0019FE8C, EBP=0019FF64, ESI=0040478E, EDI=0019FE8C
main	00404757	jmp     dword ptr ds:[eax*4+40409C]	[00404174]=00404058	EAX=00000036, ECX=00401015, EDX=00401015, EBX=00344000, ESP=0019FE8C, EBP=0019FF64, ESI=0040478F, EDI=0019FE8C
main	00404058	and     al, 3C		EAX=00000036, ECX=00401015, EDX=00401015, EBX=00344000, ESP=0019FE8C, EBP=0019FF64, ESI=0040478F, EDI=0019FE8C
main	0040405B	mov     edx, dword ptr ss:[ebp]	[0019FF64]=099B4127	EAX=00000034, ECX=00401015, EDX=00401015, EBX=00344000, ESP=0019FE8C, EBP=0019FF64, ESI=0040478F, EDI=0019FE8C
main	0040405E	add     ebp, 4		EAX=00000034, ECX=00401015, EDX=099B4127, EBX=00344000, ESP=0019FE8C, EBP=0019FF64, ESI=0040478F, EDI=0019FE8C
main	00404061	mov     dword ptr ds:[eax+edi], edx	[0019FEC0]=00000000	EAX=00000034, ECX=00401015, EDX=099B4127, EBX=00344000, ESP=0019FE8C, EBP=0019FF68, ESI=0040478F, EDI=0019FE8C
main	00404064	jmp     00404751		EAX=00000034, ECX=00401015, EDX=099B4127, EBX=00344000, ESP=0019FE8C, EBP=0019FF68, ESI=0040478F, EDI=0019FE8C
main	00404751	mov     al, byte ptr ds:[esi]	[0040478F]=3A	EAX=00000034, ECX=00401015, EDX=099B4127, EBX=00344000, ESP=0019FE8C, EBP=0019FF68, ESI=0040478F, EDI=0019FE8C
main	00404753	movzx   eax, al		EAX=0000003A, ECX=00401015, EDX=099B4127, EBX=00344000, ESP=0019FE8C, EBP=0019FF68, ESI=0040478F, EDI=0019FE8C
main	00404756	inc     esi		EAX=0000003A, ECX=00401015, EDX=099B4127, EBX=00344000, ESP=0019FE8C, EBP=0019FF68, ESI=0040478F, EDI=0019FE8C
main	00404757	jmp     dword ptr ds:[eax*4+40409C]	[00404184]=00404058	EAX=0000003A, ECX=00401015, EDX=099B4127, EBX=00344000, ESP=0019FE8C, EBP=0019FF68, ESI=00404790, EDI=0019FE8C
main	00404058	and     al, 3C		EAX=0000003A, ECX=00401015, EDX=099B4127, EBX=00344000, ESP=0019FE8C, EBP=0019FF68, ESI=00404790, EDI=0019FE8C
main	0040405B	mov     edx, dword ptr ss:[ebp]	[0019FF68]=00344000	EAX=00000038, ECX=00401015, EDX=099B4127, EBX=00344000, ESP=0019FE8C, EBP=0019FF68, ESI=00404790, EDI=0019FE8C
main	0040405E	add     ebp, 4		EAX=00000038, ECX=00401015, EDX=00344000, EBX=00344000, ESP=0019FE8C, EBP=0019FF68, ESI=00404790, EDI=0019FE8C
main	00404061	mov     dword ptr ds:[eax+edi], edx	[0019FEC4]=00000000	EAX=00000038, ECX=00401015, EDX=00344000, EBX=00344000, ESP=0019FE8C, EBP=0019FF6C, ESI=00404790, EDI=0019FE8C
main	00404064	jmp     00404751		EAX=00000038, ECX=00401015, EDX=00344000, EBX=00344000, ESP=0019FE8C, EBP=0019FF6C, ESI=00404790, EDI=0019FE8C
main	00404751	mov     al, byte ptr ds:[esi]	[00404790]=2A	EAX=00000038, ECX=00401015, EDX=00344000, EBX=00344000, ESP=0019FE8C, EBP=0019FF6C, ESI=00404790, EDI=0019FE8C
main	00404753	movzx   eax, al		EAX=0000002A, ECX=00401015, EDX=00344000, EBX=00344000, ESP=0019FE8C, EBP=0019FF6C, ESI=00404790, EDI=0019FE8C
main	00404756	inc     esi		EAX=0000002A, ECX=00401015, EDX=00344000, EBX=00344000, ESP=0019FE8C, EBP=0019FF6C, ESI=00404790, EDI=0019FE8C
main	00404757	jmp     dword ptr ds:[eax*4+40409C]	[00404144]=00404058	EAX=0000002A, ECX=00401015, EDX=00344000, EBX=00344000, ESP=0019FE8C, EBP=0019FF6C, ESI=00404791, EDI=0019FE8C
main	00404058	and     al, 3C		EAX=0000002A, ECX=00401015, EDX=00344000, EBX=00344000, ESP=0019FE8C, EBP=0019FF6C, ESI=00404791, EDI=0019FE8C
main	0040405B	mov     edx, dword ptr ss:[ebp]	[0019FF6C]=0019FF70	EAX=00000028, ECX=00401015, EDX=00344000, EBX=00344000, ESP=0019FE8C, EBP=0019FF6C, ESI=00404791, EDI=0019FE8C
main	0040405E	add     ebp, 4		EAX=00000028, ECX=00401015, EDX=0019FF70, EBX=00344000, ESP=0019FE8C, EBP=0019FF6C, ESI=00404791, EDI=0019FE8C
main	00404061	mov     dword ptr ds:[eax+edi], edx	[0019FEB4]=00000000	EAX=00000028, ECX=00401015, EDX=0019FF70, EBX=00344000, ESP=0019FE8C, EBP=0019FF70, ESI=00404791, EDI=0019FE8C
main	00404064	jmp     00404751		EAX=00000028, ECX=00401015, EDX=0019FF70, EBX=00344000, ESP=0019FE8C, EBP=0019FF70, ESI=00404791, EDI=0019FE8C
main	00404751	mov     al, byte ptr ds:[esi]	[00404791]=12	EAX=00000028, ECX=00401015, EDX=0019FF70, EBX=00344000, ESP=0019FE8C, EBP=0019FF70, ESI=00404791, EDI=0019FE8C
main	00404753	movzx   eax, al		EAX=00000012, ECX=00401015, EDX=0019FF70, EBX=00344000, ESP=0019FE8C, EBP=0019FF70, ESI=00404791, EDI=0019FE8C
main	00404756	inc     esi		EAX=00000012, ECX=00401015, EDX=0019FF70, EBX=00344000, ESP=0019FE8C, EBP=0019FF70, ESI=00404791, EDI=0019FE8C
main	00404757	jmp     dword ptr ds:[eax*4+40409C]	[004040E4]=00404058	EAX=00000012, ECX=00401015, EDX=0019FF70, EBX=00344000, ESP=0019FE8C, EBP=0019FF70, ESI=00404792, EDI=0019FE8C
main	00404058	and     al, 3C		EAX=00000012, ECX=00401015, EDX=0019FF70, EBX=00344000, ESP=0019FE8C, EBP=0019FF70, ESI=00404792, EDI=0019FE8C
main	0040405B	mov     edx, dword ptr ss:[ebp]	[0019FF70]=00401015	EAX=00000010, ECX=00401015, EDX=0019FF70, EBX=00344000, ESP=0019FE8C, EBP=0019FF70, ESI=00404792, EDI=0019FE8C
main	0040405E	add     ebp, 4		EAX=00000010, ECX=00401015, EDX=00401015, EBX=00344000, ESP=0019FE8C, EBP=0019FF70, ESI=00404792, EDI=0019FE8C
main	00404061	mov     dword ptr ds:[eax+edi], edx	[0019FE9C]=00000000	EAX=00000010, ECX=00401015, EDX=00401015, EBX=00344000, ESP=0019FE8C, EBP=0019FF74, ESI=00404792, EDI=0019FE8C
main	00404064	jmp     00404751		EAX=00000010, ECX=00401015, EDX=00401015, EBX=00344000, ESP=0019FE8C, EBP=0019FF74, ESI=00404792, EDI=0019FE8C
main	00404751	mov     al, byte ptr ds:[esi]	[00404792]=02	EAX=00000010, ECX=00401015, EDX=00401015, EBX=00344000, ESP=0019FE8C, EBP=0019FF74, ESI=00404792, EDI=0019FE8C
main	00404753	movzx   eax, al		EAX=00000002, ECX=00401015, EDX=00401015, EBX=00344000, ESP=0019FE8C, EBP=0019FF74, ESI=00404792, EDI=0019FE8C
main	00404756	inc     esi		EAX=00000002, ECX=00401015, EDX=00401015, EBX=00344000, ESP=0019FE8C, EBP=0019FF74, ESI=00404792, EDI=0019FE8C
main	00404757	jmp     dword ptr ds:[eax*4+40409C]	[004040A4]=00404058	EAX=00000002, ECX=00401015, EDX=00401015, EBX=00344000, ESP=0019FE8C, EBP=0019FF74, ESI=00404793, EDI=0019FE8C
main	00404058	and     al, 3C		EAX=00000002, ECX=00401015, EDX=00401015, EBX=00344000, ESP=0019FE8C, EBP=0019FF74, ESI=00404793, EDI=0019FE8C
main	0040405B	mov     edx, dword ptr ss:[ebp]	[0019FF74]=00401015	EAX=00000000, ECX=00401015, EDX=00401015, EBX=00344000, ESP=0019FE8C, EBP=0019FF74, ESI=00404793, EDI=0019FE8C
main	0040405E	add     ebp, 4		EAX=00000000, ECX=00401015, EDX=00401015, EBX=00344000, ESP=0019FE8C, EBP=0019FF74, ESI=00404793, EDI=0019FE8C
main	00404061	mov     dword ptr ds:[eax+edi], edx	[0019FE8C]=00000000	EAX=00000000, ECX=00401015, EDX=00401015, EBX=00344000, ESP=0019FE8C, EBP=0019FF78, ESI=00404793, EDI=0019FE8C
main	00404064	jmp     00404751		EAX=00000000, ECX=00401015, EDX=00401015, EBX=00344000, ESP=0019FE8C, EBP=0019FF78, ESI=00404793, EDI=0019FE8C
main	00404751	mov     al, byte ptr ds:[esi]	[00404793]=06	EAX=00000000, ECX=00401015, EDX=00401015, EBX=00344000, ESP=0019FE8C, EBP=0019FF78, ESI=00404793, EDI=0019FE8C
main	00404753	movzx   eax, al		EAX=00000006, ECX=00401015, EDX=00401015, EBX=00344000, ESP=0019FE8C, EBP=0019FF78, ESI=00404793, EDI=0019FE8C
main	00404756	inc     esi		EAX=00000006, ECX=00401015, EDX=00401015, EBX=00344000, ESP=0019FE8C, EBP=0019FF78, ESI=00404793, EDI=0019FE8C
main	00404757	jmp     dword ptr ds:[eax*4+40409C]	[004040B4]=00404058	EAX=00000006, ECX=00401015, EDX=00401015, EBX=00344000, ESP=0019FE8C, EBP=0019FF78, ESI=00404794, EDI=0019FE8C
main	00404058	and     al, 3C		EAX=00000006, ECX=00401015, EDX=00401015, EBX=00344000, ESP=0019FE8C, EBP=0019FF78, ESI=00404794, EDI=0019FE8C
main	0040405B	mov     edx, dword ptr ss:[ebp]	[0019FF78]=0040100A	EAX=00000004, ECX=00401015, EDX=00401015, EBX=00344000, ESP=0019FE8C, EBP=0019FF78, ESI=00404794, EDI=0019FE8C
main	0040405E	add     ebp, 4		EAX=00000004, ECX=00401015, EDX=0040100A, EBX=00344000, ESP=0019FE8C, EBP=0019FF78, ESI=00404794, EDI=0019FE8C
main	00404061	mov     dword ptr ds:[eax+edi], edx	[0019FE90]=00000000	EAX=00000004, ECX=00401015, EDX=0040100A, EBX=00344000, ESP=0019FE8C, EBP=0019FF7C, ESI=00404794, EDI=0019FE8C
main	00404064	jmp     00404751		EAX=00000004, ECX=00401015, EDX=0040100A, EBX=00344000, ESP=0019FE8C, EBP=0019FF7C, ESI=00404794, EDI=0019FE8C
main	00404751	mov     al, byte ptr ds:[esi]	[00404794]=22	EAX=00000004, ECX=00401015, EDX=0040100A, EBX=00344000, ESP=0019FE8C, EBP=0019FF7C, ESI=00404794, EDI=0019FE8C
main	00404753	movzx   eax, al		EAX=00000022, ECX=00401015, EDX=0040100A, EBX=00344000, ESP=0019FE8C, EBP=0019FF7C, ESI=00404794, EDI=0019FE8C
main	00404756	inc     esi		EAX=00000022, ECX=00401015, EDX=0040100A, EBX=00344000, ESP=0019FE8C, EBP=0019FF7C, ESI=00404794, EDI=0019FE8C
main	00404757	jmp     dword ptr ds:[eax*4+40409C]	[00404124]=00404058	EAX=00000022, ECX=00401015, EDX=0040100A, EBX=00344000, ESP=0019FE8C, EBP=0019FF7C, ESI=00404795, EDI=0019FE8C
main	00404058	and     al, 3C		EAX=00000022, ECX=00401015, EDX=0040100A, EBX=00344000, ESP=0019FE8C, EBP=0019FF7C, ESI=00404795, EDI=0019FE8C
main	0040405B	mov     edx, dword ptr ss:[ebp]	[0019FF7C]=00404781	EAX=00000020, ECX=00401015, EDX=0040100A, EBX=00344000, ESP=0019FE8C, EBP=0019FF7C, ESI=00404795, EDI=0019FE8C
main	0040405E	add     ebp, 4		EAX=00000020, ECX=00401015, EDX=00404781, EBX=00344000, ESP=0019FE8C, EBP=0019FF7C, ESI=00404795, EDI=0019FE8C
main	00404061	mov     dword ptr ds:[eax+edi], edx	[0019FEAC]=00000000	EAX=00000020, ECX=00401015, EDX=00404781, EBX=00344000, ESP=0019FE8C, EBP=0019FF80, ESI=00404795, EDI=0019FE8C
main	00404064	jmp     00404751		EAX=00000020, ECX=00401015, EDX=00404781, EBX=00344000, ESP=0019FE8C, EBP=0019FF80, ESI=00404795, EDI=0019FE8C
main	00404751	mov     al, byte ptr ds:[esi]	[00404795]=E8	EAX=00000020, ECX=00401015, EDX=00404781, EBX=00344000, ESP=0019FE8C, EBP=0019FF80, ESI=00404795, EDI=0019FE8C
main	00404753	movzx   eax, al		EAX=000000E8, ECX=00401015, EDX=00404781, EBX=00344000, ESP=0019FE8C, EBP=0019FF80, ESI=00404795, EDI=0019FE8C
main	00404756	inc     esi		EAX=000000E8, ECX=00401015, EDX=00404781, EBX=00344000, ESP=0019FE8C, EBP=0019FF80, ESI=00404795, EDI=0019FE8C
main	00404757	jmp     dword ptr ds:[eax*4+40409C]	[0040443C]=0040462B	EAX=000000E8, ECX=00401015, EDX=00404781, EBX=00344000, ESP=0019FE8C, EBP=0019FF80, ESI=00404796, EDI=0019FE8C
main	0040462B	mov     eax, dword ptr ds:[esi]	[00404796]=00403000	EAX=000000E8, ECX=00401015, EDX=00404781, EBX=00344000, ESP=0019FE8C, EBP=0019FF80, ESI=00404796, EDI=0019FE8C
main	0040462D	sub     ebp, 4		EAX=00403000, ECX=00401015, EDX=00404781, EBX=00344000, ESP=0019FE8C, EBP=0019FF80, ESI=00404796, EDI=0019FE8C
main	00404630	lea     esi, [esi+4]	[0040479A]=79	EAX=00403000, ECX=00401015, EDX=00404781, EBX=00344000, ESP=0019FE8C, EBP=0019FF7C, ESI=00404796, EDI=0019FE8C
main	00404633	mov     dword ptr ss:[ebp], eax	[0019FF7C]=00404781	EAX=00403000, ECX=00401015, EDX=00404781, EBX=00344000, ESP=0019FE8C, EBP=0019FF7C, ESI=0040479A, EDI=0019FE8C
main	00404636	jmp     0040400F		EAX=00403000, ECX=00401015, EDX=00404781, EBX=00344000, ESP=0019FE8C, EBP=0019FF7C, ESI=0040479A, EDI=0019FE8C
main	0040400F	lea     eax, [edi+50]	[0019FEDC]=00	EAX=00403000, ECX=00401015, EDX=00404781, EBX=00344000, ESP=0019FE8C, EBP=0019FF7C, ESI=0040479A, EDI=0019FE8C
main	00404012	cmp     ebp, eax		EAX=0019FEDC, ECX=00401015, EDX=00404781, EBX=00344000, ESP=0019FE8C, EBP=0019FF7C, ESI=0040479A, EDI=0019FE8C
main	00404014	ja      00404751		EAX=0019FEDC, ECX=00401015, EDX=00404781, EBX=00344000, ESP=0019FE8C, EBP=0019FF7C, ESI=0040479A, EDI=0019FE8C
main	00404751	mov     al, byte ptr ds:[esi]	[0040479A]=79	EAX=0019FEDC, ECX=00401015, EDX=00404781, EBX=00344000, ESP=0019FE8C, EBP=0019FF7C, ESI=0040479A, EDI=0019FE8C
main	00404753	movzx   eax, al		EAX=0019FE79, ECX=00401015, EDX=00404781, EBX=00344000, ESP=0019FE8C, EBP=0019FF7C, ESI=0040479A, EDI=0019FE8C
main	00404756	inc     esi		EAX=00000079, ECX=00401015, EDX=00404781, EBX=00344000, ESP=0019FE8C, EBP=0019FF7C, ESI=0040479A, EDI=0019FE8C
main	00404757	jmp     dword ptr ds:[eax*4+40409C]	[00404280]=00404584	EAX=00000079, ECX=00401015, EDX=00404781, EBX=00344000, ESP=0019FE8C, EBP=0019FF7C, ESI=0040479B, EDI=0019FE8C
main	00404584	mov     eax, dword ptr ss:[ebp]	[0019FF7C]=00403000	EAX=00000079, ECX=00401015, EDX=00404781, EBX=00344000, ESP=0019FE8C, EBP=0019FF7C, ESI=0040479B, EDI=0019FE8C
main	00404587	mov     eax, dword ptr ds:[eax]	[00403000]=DEADBEEF	EAX=00403000, ECX=00401015, EDX=00404781, EBX=00344000, ESP=0019FE8C, EBP=0019FF7C, ESI=0040479B, EDI=0019FE8C
main	00404589	mov     dword ptr ss:[ebp], eax	[0019FF7C]=00403000	EAX=DEADBEEF, ECX=00401015, EDX=00404781, EBX=00344000, ESP=0019FE8C, EBP=0019FF7C, ESI=0040479B, EDI=0019FE8C
main	0040458C	jmp     00404751		EAX=DEADBEEF, ECX=00401015, EDX=00404781, EBX=00344000, ESP=0019FE8C, EBP=0019FF7C, ESI=0040479B, EDI=0019FE8C
main	00404751	mov     al, byte ptr ds:[esi]	[0040479B]=16	EAX=DEADBEEF, ECX=00401015, EDX=00404781, EBX=00344000, ESP=0019FE8C, EBP=0019FF7C, ESI=0040479B, EDI=0019FE8C
main	00404753	movzx   eax, al		EAX=DEADBE16, ECX=00401015, EDX=00404781, EBX=00344000, ESP=0019FE8C, EBP=0019FF7C, ESI=0040479B, EDI=0019FE8C
main	00404756	inc     esi		EAX=00000016, ECX=00401015, EDX=00404781, EBX=00344000, ESP=0019FE8C, EBP=0019FF7C, ESI=0040479B, EDI=0019FE8C
main	00404757	jmp     dword ptr ds:[eax*4+40409C]	[004040F4]=00404058	EAX=00000016, ECX=00401015, EDX=00404781, EBX=00344000, ESP=0019FE8C, EBP=0019FF7C, ESI=0040479C, EDI=0019FE8C
main	00404058	and     al, 3C		EAX=00000016, ECX=00401015, EDX=00404781, EBX=00344000, ESP=0019FE8C, EBP=0019FF7C, ESI=0040479C, EDI=0019FE8C
main	0040405B	mov     edx, dword ptr ss:[ebp]	[0019FF7C]=DEADBEEF	EAX=00000014, ECX=00401015, EDX=00404781, EBX=00344000, ESP=0019FE8C, EBP=0019FF7C, ESI=0040479C, EDI=0019FE8C
main	0040405E	add     ebp, 4		EAX=00000014, ECX=00401015, EDX=DEADBEEF, EBX=00344000, ESP=0019FE8C, EBP=0019FF7C, ESI=0040479C, EDI=0019FE8C
main	00404061	mov     dword ptr ds:[eax+edi], edx	[0019FEA0]=00000000	EAX=00000014, ECX=00401015, EDX=DEADBEEF, EBX=00344000, ESP=0019FE8C, EBP=0019FF80, ESI=0040479C, EDI=0019FE8C
main	00404064	jmp     00404751		EAX=00000014, ECX=00401015, EDX=DEADBEEF, EBX=00344000, ESP=0019FE8C, EBP=0019FF80, ESI=0040479C, EDI=0019FE8C
main	00404751	mov     al, byte ptr ds:[esi]	[0040479C]=69	EAX=00000014, ECX=00401015, EDX=DEADBEEF, EBX=00344000, ESP=0019FE8C, EBP=0019FF80, ESI=0040479C, EDI=0019FE8C
main	00404753	movzx   eax, al		EAX=00000069, ECX=00401015, EDX=DEADBEEF, EBX=00344000, ESP=0019FE8C, EBP=0019FF80, ESI=0040479C, EDI=0019FE8C
main	00404756	inc     esi		EAX=00000069, ECX=00401015, EDX=DEADBEEF, EBX=00344000, ESP=0019FE8C, EBP=0019FF80, ESI=0040479C, EDI=0019FE8C
main	00404757	jmp     dword ptr ds:[eax*4+40409C]	[00404240]=0040462B	EAX=00000069, ECX=00401015, EDX=DEADBEEF, EBX=00344000, ESP=0019FE8C, EBP=0019FF80, ESI=0040479D, EDI=0019FE8C
main	0040462B	mov     eax, dword ptr ds:[esi]	[0040479D]=12345678	EAX=00000069, ECX=00401015, EDX=DEADBEEF, EBX=00344000, ESP=0019FE8C, EBP=0019FF80, ESI=0040479D, EDI=0019FE8C
main	0040462D	sub     ebp, 4		EAX=12345678, ECX=00401015, EDX=DEADBEEF, EBX=00344000, ESP=0019FE8C, EBP=0019FF80, ESI=0040479D, EDI=0019FE8C
main	00404630	lea     esi, [esi+4]	[004047A1]=14	EAX=12345678, ECX=00401015, EDX=DEADBEEF, EBX=00344000, ESP=0019FE8C, EBP=0019FF7C, ESI=0040479D, EDI=0019FE8C
main	00404633	mov     dword ptr ss:[ebp], eax	[0019FF7C]=DEADBEEF	EAX=12345678, ECX=00401015, EDX=DEADBEEF, EBX=00344000, ESP=0019FE8C, EBP=0019FF7C, ESI=004047A1, EDI=0019FE8C
main	00404636	jmp     0040400F		EAX=12345678, ECX=00401015, EDX=DEADBEEF, EBX=00344000, ESP=0019FE8C, EBP=0019FF7C, ESI=004047A1, EDI=0019FE8C
main	0040400F	lea     eax, [edi+50]	[0019FEDC]=00	EAX=12345678, ECX=00401015, EDX=DEADBEEF, EBX=00344000, ESP=0019FE8C, EBP=0019FF7C, ESI=004047A1, EDI=0019FE8C
main	00404012	cmp     ebp, eax		EAX=0019FEDC, ECX=00401015, EDX=DEADBEEF, EBX=00344000, ESP=0019FE8C, EBP=0019FF7C, ESI=004047A1, EDI=0019FE8C
main	00404014	ja      00404751		EAX=0019FEDC, ECX=00401015, EDX=DEADBEEF, EBX=00344000, ESP=0019FE8C, EBP=0019FF7C, ESI=004047A1, EDI=0019FE8C
main	00404751	mov     al, byte ptr ds:[esi]	[004047A1]=14	EAX=0019FEDC, ECX=00401015, EDX=DEADBEEF, EBX=00344000, ESP=0019FE8C, EBP=0019FF7C, ESI=004047A1, EDI=0019FE8C
main	00404753	movzx   eax, al		EAX=0019FE14, ECX=00401015, EDX=DEADBEEF, EBX=00344000, ESP=0019FE8C, EBP=0019FF7C, ESI=004047A1, EDI=0019FE8C
main	00404756	inc     esi		EAX=00000014, ECX=00401015, EDX=DEADBEEF, EBX=00344000, ESP=0019FE8C, EBP=0019FF7C, ESI=004047A1, EDI=0019FE8C
main	00404757	jmp     dword ptr ds:[eax*4+40409C]	[004040EC]=004045AF	EAX=00000014, ECX=00401015, EDX=DEADBEEF, EBX=00344000, ESP=0019FE8C, EBP=0019FF7C, ESI=004047A2, EDI=0019FE8C
main	004045AF	and     al, 3C		EAX=00000014, ECX=00401015, EDX=DEADBEEF, EBX=00344000, ESP=0019FE8C, EBP=0019FF7C, ESI=004047A2, EDI=0019FE8C
main	004045B2	mov     edx, dword ptr ds:[eax+edi]	[0019FEA0]=DEADBEEF	EAX=00000014, ECX=00401015, EDX=DEADBEEF, EBX=00344000, ESP=0019FE8C, EBP=0019FF7C, ESI=004047A2, EDI=0019FE8C
main	004045B5	sub     ebp, 4		EAX=00000014, ECX=00401015, EDX=DEADBEEF, EBX=00344000, ESP=0019FE8C, EBP=0019FF7C, ESI=004047A2, EDI=0019FE8C
main	004045B8	mov     dword ptr ss:[ebp], edx	[0019FF78]=0040100A	EAX=00000014, ECX=00401015, EDX=DEADBEEF, EBX=00344000, ESP=0019FE8C, EBP=0019FF78, ESI=004047A2, EDI=0019FE8C
main	004045BB	jmp     0040400F		EAX=00000014, ECX=00401015, EDX=DEADBEEF, EBX=00344000, ESP=0019FE8C, EBP=0019FF78, ESI=004047A2, EDI=0019FE8C
main	0040400F	lea     eax, [edi+50]	[0019FEDC]=00	EAX=00000014, ECX=00401015, EDX=DEADBEEF, EBX=00344000, ESP=0019FE8C, EBP=0019FF78, ESI=004047A2, EDI=0019FE8C
main	00404012	cmp     ebp, eax		EAX=0019FEDC, ECX=00401015, EDX=DEADBEEF, EBX=00344000, ESP=0019FE8C, EBP=0019FF78, ESI=004047A2, EDI=0019FE8C
main	00404014	ja      00404751		EAX=0019FEDC, ECX=00401015, EDX=DEADBEEF, EBX=00344000, ESP=0019FE8C, EBP=0019FF78, ESI=004047A2, EDI=0019FE8C
main	00404751	mov     al, byte ptr ds:[esi]	[004047A2]=7A	EAX=0019FEDC, ECX=00401015, EDX=DEADBEEF, EBX=00344000, ESP=0019FE8C, EBP=0019FF78, ESI=004047A2, EDI=0019FE8C
main	00404753	movzx   eax, al		EAX=0019FE7A, ECX=00401015, EDX=DEADBEEF, EBX=00344000, ESP=0019FE8C, EBP=0019FF78, ESI=004047A2, EDI=0019FE8C
main	00404756	inc     esi		EAX=0000007A, ECX=00401015, EDX=DEADBEEF, EBX=00344000, ESP=0019FE8C, EBP=0019FF78, ESI=004047A2, EDI=0019FE8C
main	00404757	jmp     dword ptr ds:[eax*4+40409C]	[00404284]=00404000	EAX=0000007A, ECX=00401015, EDX=DEADBEEF, EBX=00344000, ESP=0019FE8C, EBP=0019FF78, ESI=004047A3, EDI=0019FE8C
main	00404000	mov     eax, dword ptr ss:[ebp]	[0019FF78]=DEADBEEF	EAX=0000007A, ECX=00401015, EDX=DEADBEEF, EBX=00344000, ESP=0019FE8C, EBP=0019FF78, ESI=004047A3, EDI=0019FE8C
main	00404003	add     dword ptr ss:[ebp+4], eax	[0019FF7C]=12345678	EAX=DEADBEEF, ECX=00401015, EDX=DEADBEEF, EBX=00344000, ESP=0019FE8C, EBP=0019FF78, ESI=004047A3, EDI=0019FE8C
main	00404006	pushfd	[0019FE88]=00000206	EAX=DEADBEEF, ECX=00401015, EDX=DEADBEEF, EBX=00344000, ESP=0019FE8C, EBP=0019FF78, ESI=004047A3, EDI=0019FE8C
main	00404007	pop     dword ptr ss:[ebp]	[0019FF78]=DEADBEEF	EAX=DEADBEEF, ECX=00401015, EDX=DEADBEEF, EBX=00344000, ESP=0019FE88, EBP=0019FF78, ESI=004047A3, EDI=0019FE8C
main	0040400A	jmp     00404751		EAX=DEADBEEF, ECX=00401015, EDX=DEADBEEF, EBX=00344000, ESP=0019FE8C, EBP=0019FF78, ESI=004047A3, EDI=0019FE8C
main	00404751	mov     al, byte ptr ds:[esi]	[004047A3]=1E	EAX=DEADBEEF, ECX=00401015, EDX=DEADBEEF, EBX=00344000, ESP=0019FE8C, EBP=0019FF78, ESI=004047A3, EDI=0019FE8C
main	00404753	movzx   eax, al		EAX=DEADBE1E, ECX=00401015, EDX=DEADBEEF, EBX=00344000, ESP=0019FE8C, EBP=0019FF78, ESI=004047A3, EDI=0019FE8C
main	00404756	inc     esi		EAX=0000001E, ECX=00401015, EDX=DEADBEEF, EBX=00344000, ESP=0019FE8C, EBP=0019FF78, ESI=004047A3, EDI=0019FE8C
main	00404757	jmp     dword ptr ds:[eax*4+40409C]	[00404114]=00404058	EAX=0000001E, ECX=00401015, EDX=DEADBEEF, EBX=00344000, ESP=0019FE8C, EBP=0019FF78, ESI=004047A4, EDI=0019FE8C
main	00404058	and     al, 3C		EAX=0000001E, ECX=00401015, EDX=DEADBEEF, EBX=00344000, ESP=0019FE8C, EBP=0019FF78, ESI=004047A4, EDI=0019FE8C
main	0040405B	mov     edx, dword ptr ss:[ebp]	[0019FF78]=00000292	EAX=0000001C, ECX=00401015, EDX=DEADBEEF, EBX=00344000, ESP=0019FE8C, EBP=0019FF78, ESI=004047A4, EDI=0019FE8C
main	0040405E	add     ebp, 4		EAX=0000001C, ECX=00401015, EDX=00000292, EBX=00344000, ESP=0019FE8C, EBP=0019FF78, ESI=004047A4, EDI=0019FE8C
main	00404061	mov     dword ptr ds:[eax+edi], edx	[0019FEA8]=00000206	EAX=0000001C, ECX=00401015, EDX=00000292, EBX=00344000, ESP=0019FE8C, EBP=0019FF7C, ESI=004047A4, EDI=0019FE8C
main	00404064	jmp     00404751		EAX=0000001C, ECX=00401015, EDX=00000292, EBX=00344000, ESP=0019FE8C, EBP=0019FF7C, ESI=004047A4, EDI=0019FE8C
main	00404751	mov     al, byte ptr ds:[esi]	[004047A4]=36	EAX=0000001C, ECX=00401015, EDX=00000292, EBX=00344000, ESP=0019FE8C, EBP=0019FF7C, ESI=004047A4, EDI=0019FE8C
main	00404753	movzx   eax, al		EAX=00000036, ECX=00401015, EDX=00000292, EBX=00344000, ESP=0019FE8C, EBP=0019FF7C, ESI=004047A4, EDI=0019FE8C
main	00404756	inc     esi		EAX=00000036, ECX=00401015, EDX=00000292, EBX=00344000, ESP=0019FE8C, EBP=0019FF7C, ESI=004047A4, EDI=0019FE8C
main	00404757	jmp     dword ptr ds:[eax*4+40409C]	[00404174]=00404058	EAX=00000036, ECX=00401015, EDX=00000292, EBX=00344000, ESP=0019FE8C, EBP=0019FF7C, ESI=004047A5, EDI=0019FE8C
main	00404058	and     al, 3C		EAX=00000036, ECX=00401015, EDX=00000292, EBX=00344000, ESP=0019FE8C, EBP=0019FF7C, ESI=004047A5, EDI=0019FE8C
main	0040405B	mov     edx, dword ptr ss:[ebp]	[0019FF7C]=F0E21567	EAX=00000034, ECX=00401015, EDX=00000292, EBX=00344000, ESP=0019FE8C, EBP=0019FF7C, ESI=004047A5, EDI=0019FE8C
main	0040405E	add     ebp, 4		EAX=00000034, ECX=00401015, EDX=F0E21567, EBX=00344000, ESP=0019FE8C, EBP=0019FF7C, ESI=004047A5, EDI=0019FE8C
main	00404061	mov     dword ptr ds:[eax+edi], edx	[0019FEC0]=099B4127	EAX=00000034, ECX=00401015, EDX=F0E21567, EBX=00344000, ESP=0019FE8C, EBP=0019FF80, ESI=004047A5, EDI=0019FE8C
main	00404064	jmp     00404751		EAX=00000034, ECX=00401015, EDX=F0E21567, EBX=00344000, ESP=0019FE8C, EBP=0019FF80, ESI=004047A5, EDI=0019FE8C
main	00404751	mov     al, byte ptr ds:[esi]	[004047A5]=E8	EAX=00000034, ECX=00401015, EDX=F0E21567, EBX=00344000, ESP=0019FE8C, EBP=0019FF80, ESI=004047A5, EDI=0019FE8C
main	00404753	movzx   eax, al		EAX=000000E8, ECX=00401015, EDX=F0E21567, EBX=00344000, ESP=0019FE8C, EBP=0019FF80, ESI=004047A5, EDI=0019FE8C
main	00404756	inc     esi		EAX=000000E8, ECX=00401015, EDX=F0E21567, EBX=00344000, ESP=0019FE8C, EBP=0019FF80, ESI=004047A5, EDI=0019FE8C
main	00404757	jmp     dword ptr ds:[eax*4+40409C]	[0040443C]=0040462B	EAX=000000E8, ECX=00401015, EDX=F0E21567, EBX=00344000, ESP=0019FE8C, EBP=0019FF80, ESI=004047A6, EDI=0019FE8C
main	0040462B	mov     eax, dword ptr ds:[esi]	[004047A6]=12345678	EAX=000000E8, ECX=00401015, EDX=F0E21567, EBX=00344000, ESP=0019FE8C, EBP=0019FF80, ESI=004047A6, EDI=0019FE8C
main	0040462D	sub     ebp, 4		EAX=12345678, ECX=00401015, EDX=F0E21567, EBX=00344000, ESP=0019FE8C, EBP=0019FF80, ESI=004047A6, EDI=0019FE8C
main	00404630	lea     esi, [esi+4]	[004047AA]=34	EAX=12345678, ECX=00401015, EDX=F0E21567, EBX=00344000, ESP=0019FE8C, EBP=0019FF7C, ESI=004047A6, EDI=0019FE8C
main	00404633	mov     dword ptr ss:[ebp], eax	[0019FF7C]=F0E21567	EAX=12345678, ECX=00401015, EDX=F0E21567, EBX=00344000, ESP=0019FE8C, EBP=0019FF7C, ESI=004047AA, EDI=0019FE8C
main	00404636	jmp     0040400F		EAX=12345678, ECX=00401015, EDX=F0E21567, EBX=00344000, ESP=0019FE8C, EBP=0019FF7C, ESI=004047AA, EDI=0019FE8C
main	0040400F	lea     eax, [edi+50]	[0019FEDC]=00	EAX=12345678, ECX=00401015, EDX=F0E21567, EBX=00344000, ESP=0019FE8C, EBP=0019FF7C, ESI=004047AA, EDI=0019FE8C
main	00404012	cmp     ebp, eax		EAX=0019FEDC, ECX=00401015, EDX=F0E21567, EBX=00344000, ESP=0019FE8C, EBP=0019FF7C, ESI=004047AA, EDI=0019FE8C
main	00404014	ja      00404751		EAX=0019FEDC, ECX=00401015, EDX=F0E21567, EBX=00344000, ESP=0019FE8C, EBP=0019FF7C, ESI=004047AA, EDI=0019FE8C
main	00404751	mov     al, byte ptr ds:[esi]	[004047AA]=34	EAX=0019FEDC, ECX=00401015, EDX=F0E21567, EBX=00344000, ESP=0019FE8C, EBP=0019FF7C, ESI=004047AA, EDI=0019FE8C
main	00404753	movzx   eax, al		EAX=0019FE34, ECX=00401015, EDX=F0E21567, EBX=00344000, ESP=0019FE8C, EBP=0019FF7C, ESI=004047AA, EDI=0019FE8C
main	00404756	inc     esi		EAX=00000034, ECX=00401015, EDX=F0E21567, EBX=00344000, ESP=0019FE8C, EBP=0019FF7C, ESI=004047AA, EDI=0019FE8C
main	00404757	jmp     dword ptr ds:[eax*4+40409C]	[0040416C]=004045AF	EAX=00000034, ECX=00401015, EDX=F0E21567, EBX=00344000, ESP=0019FE8C, EBP=0019FF7C, ESI=004047AB, EDI=0019FE8C
main	004045AF	and     al, 3C		EAX=00000034, ECX=00401015, EDX=F0E21567, EBX=00344000, ESP=0019FE8C, EBP=0019FF7C, ESI=004047AB, EDI=0019FE8C
main	004045B2	mov     edx, dword ptr ds:[eax+edi]	[0019FEC0]=F0E21567	EAX=00000034, ECX=00401015, EDX=F0E21567, EBX=00344000, ESP=0019FE8C, EBP=0019FF7C, ESI=004047AB, EDI=0019FE8C
main	004045B5	sub     ebp, 4		EAX=00000034, ECX=00401015, EDX=F0E21567, EBX=00344000, ESP=0019FE8C, EBP=0019FF7C, ESI=004047AB, EDI=0019FE8C
main	004045B8	mov     dword ptr ss:[ebp], edx	[0019FF78]=00000292	EAX=00000034, ECX=00401015, EDX=F0E21567, EBX=00344000, ESP=0019FE8C, EBP=0019FF78, ESI=004047AB, EDI=0019FE8C
main	004045BB	jmp     0040400F		EAX=00000034, ECX=00401015, EDX=F0E21567, EBX=00344000, ESP=0019FE8C, EBP=0019FF78, ESI=004047AB, EDI=0019FE8C
main	0040400F	lea     eax, [edi+50]	[0019FEDC]=00	EAX=00000034, ECX=00401015, EDX=F0E21567, EBX=00344000, ESP=0019FE8C, EBP=0019FF78, ESI=004047AB, EDI=0019FE8C
main	00404012	cmp     ebp, eax		EAX=0019FEDC, ECX=00401015, EDX=F0E21567, EBX=00344000, ESP=0019FE8C, EBP=0019FF78, ESI=004047AB, EDI=0019FE8C
main	00404014	ja      00404751		EAX=0019FEDC, ECX=00401015, EDX=F0E21567, EBX=00344000, ESP=0019FE8C, EBP=0019FF78, ESI=004047AB, EDI=0019FE8C
main	00404751	mov     al, byte ptr ds:[esi]	[004047AB]=97	EAX=0019FEDC, ECX=00401015, EDX=F0E21567, EBX=00344000, ESP=0019FE8C, EBP=0019FF78, ESI=004047AB, EDI=0019FE8C
main	00404753	movzx   eax, al		EAX=0019FE97, ECX=00401015, EDX=F0E21567, EBX=00344000, ESP=0019FE8C, EBP=0019FF78, ESI=004047AB, EDI=0019FE8C
main	00404756	inc     esi		EAX=00000097, ECX=00401015, EDX=F0E21567, EBX=00344000, ESP=0019FE8C, EBP=0019FF78, ESI=004047AB, EDI=0019FE8C
main	00404757	jmp     dword ptr ds:[eax*4+40409C]	[004042F8]=004046B2	EAX=00000097, ECX=00401015, EDX=F0E21567, EBX=00344000, ESP=0019FE8C, EBP=0019FF78, ESI=004047AC, EDI=0019FE8C
main	004046B2	mov     eax, ebp		EAX=00000097, ECX=00401015, EDX=F0E21567, EBX=00344000, ESP=0019FE8C, EBP=0019FF78, ESI=004047AC, EDI=0019FE8C
main	004046B4	sub     ebp, 4		EAX=0019FF78, ECX=00401015, EDX=F0E21567, EBX=00344000, ESP=0019FE8C, EBP=0019FF78, ESI=004047AC, EDI=0019FE8C
main	004046B7	mov     dword ptr ss:[ebp], eax	[0019FF74]=00401015	EAX=0019FF78, ECX=00401015, EDX=F0E21567, EBX=00344000, ESP=0019FE8C, EBP=0019FF74, ESI=004047AC, EDI=0019FE8C
main	004046BA	jmp     0040400F		EAX=0019FF78, ECX=00401015, EDX=F0E21567, EBX=00344000, ESP=0019FE8C, EBP=0019FF74, ESI=004047AC, EDI=0019FE8C
main	0040400F	lea     eax, [edi+50]	[0019FEDC]=00	EAX=0019FF78, ECX=00401015, EDX=F0E21567, EBX=00344000, ESP=0019FE8C, EBP=0019FF74, ESI=004047AC, EDI=0019FE8C
main	00404012	cmp     ebp, eax		EAX=0019FEDC, ECX=00401015, EDX=F0E21567, EBX=00344000, ESP=0019FE8C, EBP=0019FF74, ESI=004047AC, EDI=0019FE8C
main	00404014	ja      00404751		EAX=0019FEDC, ECX=00401015, EDX=F0E21567, EBX=00344000, ESP=0019FE8C, EBP=0019FF74, ESI=004047AC, EDI=0019FE8C
main	00404751	mov     al, byte ptr ds:[esi]	[004047AC]=4D	EAX=0019FEDC, ECX=00401015, EDX=F0E21567, EBX=00344000, ESP=0019FE8C, EBP=0019FF74, ESI=004047AC, EDI=0019FE8C
main	00404753	movzx   eax, al		EAX=0019FE4D, ECX=00401015, EDX=F0E21567, EBX=00344000, ESP=0019FE8C, EBP=0019FF74, ESI=004047AC, EDI=0019FE8C
main	00404756	inc     esi		EAX=0000004D, ECX=00401015, EDX=F0E21567, EBX=00344000, ESP=0019FE8C, EBP=0019FF74, ESI=004047AC, EDI=0019FE8C
main	00404757	jmp     dword ptr ds:[eax*4+40409C]	[004041D0]=00404069	EAX=0000004D, ECX=00401015, EDX=F0E21567, EBX=00344000, ESP=0019FE8C, EBP=0019FF74, ESI=004047AD, EDI=0019FE8C
main	00404069	mov     eax, dword ptr ss:[ebp]	[0019FF74]=0019FF78	EAX=0000004D, ECX=00401015, EDX=F0E21567, EBX=00344000, ESP=0019FE8C, EBP=0019FF74, ESI=004047AD, EDI=0019FE8C
main	0040406C	mov     eax, dword ptr ss:[eax]	[0019FF78]=F0E21567	EAX=0019FF78, ECX=00401015, EDX=F0E21567, EBX=00344000, ESP=0019FE8C, EBP=0019FF74, ESI=004047AD, EDI=0019FE8C
main	0040406F	mov     dword ptr ss:[ebp], eax	[0019FF74]=0019FF78	EAX=F0E21567, ECX=00401015, EDX=F0E21567, EBX=00344000, ESP=0019FE8C, EBP=0019FF74, ESI=004047AD, EDI=0019FE8C
main	00404072	jmp     00404751		EAX=F0E21567, ECX=00401015, EDX=F0E21567, EBX=00344000, ESP=0019FE8C, EBP=0019FF74, ESI=004047AD, EDI=0019FE8C
main	00404751	mov     al, byte ptr ds:[esi]	[004047AD]=6B	EAX=F0E21567, ECX=00401015, EDX=F0E21567, EBX=00344000, ESP=0019FE8C, EBP=0019FF74, ESI=004047AD, EDI=0019FE8C
main	00404753	movzx   eax, al		EAX=F0E2156B, ECX=00401015, EDX=F0E21567, EBX=00344000, ESP=0019FE8C, EBP=0019FF74, ESI=004047AD, EDI=0019FE8C
main	00404756	inc     esi		EAX=0000006B, ECX=00401015, EDX=F0E21567, EBX=00344000, ESP=0019FE8C, EBP=0019FF74, ESI=004047AD, EDI=0019FE8C
main	00404757	jmp     dword ptr ds:[eax*4+40409C]	[00404248]=0040451A	EAX=0000006B, ECX=00401015, EDX=F0E21567, EBX=00344000, ESP=0019FE8C, EBP=0019FF74, ESI=004047AE, EDI=0019FE8C
main	0040451A	mov     eax, dword ptr ss:[ebp]	[0019FF74]=F0E21567	EAX=0000006B, ECX=00401015, EDX=F0E21567, EBX=00344000, ESP=0019FE8C, EBP=0019FF74, ESI=004047AE, EDI=0019FE8C
main	0040451D	mov     edx, dword ptr ss:[ebp+4]	[0019FF78]=F0E21567	EAX=F0E21567, ECX=00401015, EDX=F0E21567, EBX=00344000, ESP=0019FE8C, EBP=0019FF74, ESI=004047AE, EDI=0019FE8C
main	00404520	not     eax		EAX=F0E21567, ECX=00401015, EDX=F0E21567, EBX=00344000, ESP=0019FE8C, EBP=0019FF74, ESI=004047AE, EDI=0019FE8C
main	00404522	not     edx		EAX=0F1DEA98, ECX=00401015, EDX=F0E21567, EBX=00344000, ESP=0019FE8C, EBP=0019FF74, ESI=004047AE, EDI=0019FE8C
main	00404524	and     eax, edx		EAX=0F1DEA98, ECX=00401015, EDX=0F1DEA98, EBX=00344000, ESP=0019FE8C, EBP=0019FF74, ESI=004047AE, EDI=0019FE8C
main	00404526	mov     dword ptr ss:[ebp+4], eax	[0019FF78]=F0E21567	EAX=0F1DEA98, ECX=00401015, EDX=0F1DEA98, EBX=00344000, ESP=0019FE8C, EBP=0019FF74, ESI=004047AE, EDI=0019FE8C
main	00404529	pushfd	[0019FE88]=00000292	EAX=0F1DEA98, ECX=00401015, EDX=0F1DEA98, EBX=00344000, ESP=0019FE8C, EBP=0019FF74, ESI=004047AE, EDI=0019FE8C
main	0040452A	pop     dword ptr ss:[ebp]	[0019FF74]=F0E21567	EAX=0F1DEA98, ECX=00401015, EDX=0F1DEA98, EBX=00344000, ESP=0019FE88, EBP=0019FF74, ESI=004047AE, EDI=0019FE8C
main	0040452D	jmp     00404751		EAX=0F1DEA98, ECX=00401015, EDX=0F1DEA98, EBX=00344000, ESP=0019FE8C, EBP=0019FF74, ESI=004047AE, EDI=0019FE8C
main	00404751	mov     al, byte ptr ds:[esi]	[004047AE]=06	EAX=0F1DEA98, ECX=00401015, EDX=0F1DEA98, EBX=00344000, ESP=0019FE8C, EBP=0019FF74, ESI=004047AE, EDI=0019FE8C
main	00404753	movzx   eax, al		EAX=0F1DEA06, ECX=00401015, EDX=0F1DEA98, EBX=00344000, ESP=0019FE8C, EBP=0019FF74, ESI=004047AE, EDI=0019FE8C
main	00404756	inc     esi		EAX=00000006, ECX=00401015, EDX=0F1DEA98, EBX=00344000, ESP=0019FE8C, EBP=0019FF74, ESI=004047AE, EDI=0019FE8C
main	00404757	jmp     dword ptr ds:[eax*4+40409C]	[004040B4]=00404058	EAX=00000006, ECX=00401015, EDX=0F1DEA98, EBX=00344000, ESP=0019FE8C, EBP=0019FF74, ESI=004047AF, EDI=0019FE8C
main	00404058	and     al, 3C		EAX=00000006, ECX=00401015, EDX=0F1DEA98, EBX=00344000, ESP=0019FE8C, EBP=0019FF74, ESI=004047AF, EDI=0019FE8C
main	0040405B	mov     edx, dword ptr ss:[ebp]	[0019FF74]=00000202	EAX=00000004, ECX=00401015, EDX=0F1DEA98, EBX=00344000, ESP=0019FE8C, EBP=0019FF74, ESI=004047AF, EDI=0019FE8C
main	0040405E	add     ebp, 4		EAX=00000004, ECX=00401015, EDX=00000202, EBX=00344000, ESP=0019FE8C, EBP=0019FF74, ESI=004047AF, EDI=0019FE8C
main	00404061	mov     dword ptr ds:[eax+edi], edx	[0019FE90]=0040100A	EAX=00000004, ECX=00401015, EDX=00000202, EBX=00344000, ESP=0019FE8C, EBP=0019FF78, ESI=004047AF, EDI=0019FE8C
main	00404064	jmp     00404751		EAX=00000004, ECX=00401015, EDX=00000202, EBX=00344000, ESP=0019FE8C, EBP=0019FF78, ESI=004047AF, EDI=0019FE8C
main	00404751	mov     al, byte ptr ds:[esi]	[004047AF]=5C	EAX=00000004, ECX=00401015, EDX=00000202, EBX=00344000, ESP=0019FE8C, EBP=0019FF78, ESI=004047AF, EDI=0019FE8C
main	00404753	movzx   eax, al		EAX=0000005C, ECX=00401015, EDX=00000202, EBX=00344000, ESP=0019FE8C, EBP=0019FF78, ESI=004047AF, EDI=0019FE8C
main	00404756	inc     esi		EAX=0000005C, ECX=00401015, EDX=00000202, EBX=00344000, ESP=0019FE8C, EBP=0019FF78, ESI=004047AF, EDI=0019FE8C
main	00404757	jmp     dword ptr ds:[eax*4+40409C]	[0040420C]=00404000	EAX=0000005C, ECX=00401015, EDX=00000202, EBX=00344000, ESP=0019FE8C, EBP=0019FF78, ESI=004047B0, EDI=0019FE8C
main	00404000	mov     eax, dword ptr ss:[ebp]	[0019FF78]=0F1DEA98	EAX=0000005C, ECX=00401015, EDX=00000202, EBX=00344000, ESP=0019FE8C, EBP=0019FF78, ESI=004047B0, EDI=0019FE8C
main	00404003	add     dword ptr ss:[ebp+4], eax	[0019FF7C]=12345678	EAX=0F1DEA98, ECX=00401015, EDX=00000202, EBX=00344000, ESP=0019FE8C, EBP=0019FF78, ESI=004047B0, EDI=0019FE8C
main	00404006	pushfd	[0019FE88]=00000202	EAX=0F1DEA98, ECX=00401015, EDX=00000202, EBX=00344000, ESP=0019FE8C, EBP=0019FF78, ESI=004047B0, EDI=0019FE8C
main	00404007	pop     dword ptr ss:[ebp]	[0019FF78]=0F1DEA98	EAX=0F1DEA98, ECX=00401015, EDX=00000202, EBX=00344000, ESP=0019FE88, EBP=0019FF78, ESI=004047B0, EDI=0019FE8C
main	0040400A	jmp     00404751		EAX=0F1DEA98, ECX=00401015, EDX=00000202, EBX=00344000, ESP=0019FE8C, EBP=0019FF78, ESI=004047B0, EDI=0019FE8C
main	00404751	mov     al, byte ptr ds:[esi]	[004047B0]=3E	EAX=0F1DEA98, ECX=00401015, EDX=00000202, EBX=00344000, ESP=0019FE8C, EBP=0019FF78, ESI=004047B0, EDI=0019FE8C
main	00404753	movzx   eax, al		EAX=0F1DEA3E, ECX=00401015, EDX=00000202, EBX=00344000, ESP=0019FE8C, EBP=0019FF78, ESI=004047B0, EDI=0019FE8C
main	00404756	inc     esi		EAX=0000003E, ECX=00401015, EDX=00000202, EBX=00344000, ESP=0019FE8C, EBP=0019FF78, ESI=004047B0, EDI=0019FE8C
main	00404757	jmp     dword ptr ds:[eax*4+40409C]	[00404194]=00404058	EAX=0000003E, ECX=00401015, EDX=00000202, EBX=00344000, ESP=0019FE8C, EBP=0019FF78, ESI=004047B1, EDI=0019FE8C
main	00404058	and     al, 3C		EAX=0000003E, ECX=00401015, EDX=00000202, EBX=00344000, ESP=0019FE8C, EBP=0019FF78, ESI=004047B1, EDI=0019FE8C
main	0040405B	mov     edx, dword ptr ss:[ebp]	[0019FF78]=00000212	EAX=0000003C, ECX=00401015, EDX=00000202, EBX=00344000, ESP=0019FE8C, EBP=0019FF78, ESI=004047B1, EDI=0019FE8C
main	0040405E	add     ebp, 4		EAX=0000003C, ECX=00401015, EDX=00000212, EBX=00344000, ESP=0019FE8C, EBP=0019FF78, ESI=004047B1, EDI=0019FE8C
main	00404061	mov     dword ptr ds:[eax+edi], edx	[0019FEC8]=00000246	EAX=0000003C, ECX=00401015, EDX=00000212, EBX=00344000, ESP=0019FE8C, EBP=0019FF7C, ESI=004047B1, EDI=0019FE8C
main	00404064	jmp     00404751		EAX=0000003C, ECX=00401015, EDX=00000212, EBX=00344000, ESP=0019FE8C, EBP=0019FF7C, ESI=004047B1, EDI=0019FE8C
main	00404751	mov     al, byte ptr ds:[esi]	[004047B1]=97	EAX=0000003C, ECX=00401015, EDX=00000212, EBX=00344000, ESP=0019FE8C, EBP=0019FF7C, ESI=004047B1, EDI=0019FE8C
main	00404753	movzx   eax, al		EAX=00000097, ECX=00401015, EDX=00000212, EBX=00344000, ESP=0019FE8C, EBP=0019FF7C, ESI=004047B1, EDI=0019FE8C
main	00404756	inc     esi		EAX=00000097, ECX=00401015, EDX=00000212, EBX=00344000, ESP=0019FE8C, EBP=0019FF7C, ESI=004047B1, EDI=0019FE8C
main	00404757	jmp     dword ptr ds:[eax*4+40409C]	[004042F8]=004046B2	EAX=00000097, ECX=00401015, EDX=00000212, EBX=00344000, ESP=0019FE8C, EBP=0019FF7C, ESI=004047B2, EDI=0019FE8C
main	004046B2	mov     eax, ebp		EAX=00000097, ECX=00401015, EDX=00000212, EBX=00344000, ESP=0019FE8C, EBP=0019FF7C, ESI=004047B2, EDI=0019FE8C
main	004046B4	sub     ebp, 4		EAX=0019FF7C, ECX=00401015, EDX=00000212, EBX=00344000, ESP=0019FE8C, EBP=0019FF7C, ESI=004047B2, EDI=0019FE8C
main	004046B7	mov     dword ptr ss:[ebp], eax	[0019FF78]=00000212	EAX=0019FF7C, ECX=00401015, EDX=00000212, EBX=00344000, ESP=0019FE8C, EBP=0019FF78, ESI=004047B2, EDI=0019FE8C
main	004046BA	jmp     0040400F		EAX=0019FF7C, ECX=00401015, EDX=00000212, EBX=00344000, ESP=0019FE8C, EBP=0019FF78, ESI=004047B2, EDI=0019FE8C
main	0040400F	lea     eax, [edi+50]	[0019FEDC]=00	EAX=0019FF7C, ECX=00401015, EDX=00000212, EBX=00344000, ESP=0019FE8C, EBP=0019FF78, ESI=004047B2, EDI=0019FE8C
main	00404012	cmp     ebp, eax		EAX=0019FEDC, ECX=00401015, EDX=00000212, EBX=00344000, ESP=0019FE8C, EBP=0019FF78, ESI=004047B2, EDI=0019FE8C
main	00404014	ja      00404751		EAX=0019FEDC, ECX=00401015, EDX=00000212, EBX=00344000, ESP=0019FE8C, EBP=0019FF78, ESI=004047B2, EDI=0019FE8C
main	00404751	mov     al, byte ptr ds:[esi]	[004047B2]=21	EAX=0019FEDC, ECX=00401015, EDX=00000212, EBX=00344000, ESP=0019FE8C, EBP=0019FF78, ESI=004047B2, EDI=0019FE8C
main	00404753	movzx   eax, al		EAX=0019FE21, ECX=00401015, EDX=00000212, EBX=00344000, ESP=0019FE8C, EBP=0019FF78, ESI=004047B2, EDI=0019FE8C
main	00404756	inc     esi		EAX=00000021, ECX=00401015, EDX=00000212, EBX=00344000, ESP=0019FE8C, EBP=0019FF78, ESI=004047B2, EDI=0019FE8C
main	00404757	jmp     dword ptr ds:[eax*4+40409C]	[00404120]=00404069	EAX=00000021, ECX=00401015, EDX=00000212, EBX=00344000, ESP=0019FE8C, EBP=0019FF78, ESI=004047B3, EDI=0019FE8C
main	00404069	mov     eax, dword ptr ss:[ebp]	[0019FF78]=0019FF7C	EAX=00000021, ECX=00401015, EDX=00000212, EBX=00344000, ESP=0019FE8C, EBP=0019FF78, ESI=004047B3, EDI=0019FE8C
main	0040406C	mov     eax, dword ptr ss:[eax]	[0019FF7C]=21524110	EAX=0019FF7C, ECX=00401015, EDX=00000212, EBX=00344000, ESP=0019FE8C, EBP=0019FF78, ESI=004047B3, EDI=0019FE8C
main	0040406F	mov     dword ptr ss:[ebp], eax	[0019FF78]=0019FF7C	EAX=21524110, ECX=00401015, EDX=00000212, EBX=00344000, ESP=0019FE8C, EBP=0019FF78, ESI=004047B3, EDI=0019FE8C
main	00404072	jmp     00404751		EAX=21524110, ECX=00401015, EDX=00000212, EBX=00344000, ESP=0019FE8C, EBP=0019FF78, ESI=004047B3, EDI=0019FE8C
main	00404751	mov     al, byte ptr ds:[esi]	[004047B3]=11	EAX=21524110, ECX=00401015, EDX=00000212, EBX=00344000, ESP=0019FE8C, EBP=0019FF78, ESI=004047B3, EDI=0019FE8C
main	00404753	movzx   eax, al		EAX=21524111, ECX=00401015, EDX=00000212, EBX=00344000, ESP=0019FE8C, EBP=0019FF78, ESI=004047B3, EDI=0019FE8C
main	00404756	inc     esi		EAX=00000011, ECX=00401015, EDX=00000212, EBX=00344000, ESP=0019FE8C, EBP=0019FF78, ESI=004047B3, EDI=0019FE8C
main	00404757	jmp     dword ptr ds:[eax*4+40409C]	[004040E0]=0040451A	EAX=00000011, ECX=00401015, EDX=00000212, EBX=00344000, ESP=0019FE8C, EBP=0019FF78, ESI=004047B4, EDI=0019FE8C
main	0040451A	mov     eax, dword ptr ss:[ebp]	[0019FF78]=21524110	EAX=00000011, ECX=00401015, EDX=00000212, EBX=00344000, ESP=0019FE8C, EBP=0019FF78, ESI=004047B4, EDI=0019FE8C
main	0040451D	mov     edx, dword ptr ss:[ebp+4]	[0019FF7C]=21524110	EAX=21524110, ECX=00401015, EDX=00000212, EBX=00344000, ESP=0019FE8C, EBP=0019FF78, ESI=004047B4, EDI=0019FE8C
main	00404520	not     eax		EAX=21524110, ECX=00401015, EDX=21524110, EBX=00344000, ESP=0019FE8C, EBP=0019FF78, ESI=004047B4, EDI=0019FE8C
main	00404522	not     edx		EAX=DEADBEEF, ECX=00401015, EDX=21524110, EBX=00344000, ESP=0019FE8C, EBP=0019FF78, ESI=004047B4, EDI=0019FE8C
main	00404524	and     eax, edx		EAX=DEADBEEF, ECX=00401015, EDX=DEADBEEF, EBX=00344000, ESP=0019FE8C, EBP=0019FF78, ESI=004047B4, EDI=0019FE8C
main	00404526	mov     dword ptr ss:[ebp+4], eax	[0019FF7C]=21524110	EAX=DEADBEEF, ECX=00401015, EDX=DEADBEEF, EBX=00344000, ESP=0019FE8C, EBP=0019FF78, ESI=004047B4, EDI=0019FE8C
main	00404529	pushfd	[0019FE88]=00000212	EAX=DEADBEEF, ECX=00401015, EDX=DEADBEEF, EBX=00344000, ESP=0019FE8C, EBP=0019FF78, ESI=004047B4, EDI=0019FE8C
main	0040452A	pop     dword ptr ss:[ebp]	[0019FF78]=21524110	EAX=DEADBEEF, ECX=00401015, EDX=DEADBEEF, EBX=00344000, ESP=0019FE88, EBP=0019FF78, ESI=004047B4, EDI=0019FE8C
main	0040452D	jmp     00404751		EAX=DEADBEEF, ECX=00401015, EDX=DEADBEEF, EBX=00344000, ESP=0019FE8C, EBP=0019FF78, ESI=004047B4, EDI=0019FE8C
main	00404751	mov     al, byte ptr ds:[esi]	[004047B4]=22	EAX=DEADBEEF, ECX=00401015, EDX=DEADBEEF, EBX=00344000, ESP=0019FE8C, EBP=0019FF78, ESI=004047B4, EDI=0019FE8C
main	00404753	movzx   eax, al		EAX=DEADBE22, ECX=00401015, EDX=DEADBEEF, EBX=00344000, ESP=0019FE8C, EBP=0019FF78, ESI=004047B4, EDI=0019FE8C
main	00404756	inc     esi		EAX=00000022, ECX=00401015, EDX=DEADBEEF, EBX=00344000, ESP=0019FE8C, EBP=0019FF78, ESI=004047B4, EDI=0019FE8C
main	00404757	jmp     dword ptr ds:[eax*4+40409C]	[00404124]=00404058	EAX=00000022, ECX=00401015, EDX=DEADBEEF, EBX=00344000, ESP=0019FE8C, EBP=0019FF78, ESI=004047B5, EDI=0019FE8C
main	00404058	and     al, 3C		EAX=00000022, ECX=00401015, EDX=DEADBEEF, EBX=00344000, ESP=0019FE8C, EBP=0019FF78, ESI=004047B5, EDI=0019FE8C
main	0040405B	mov     edx, dword ptr ss:[ebp]	[0019FF78]=00000282	EAX=00000020, ECX=00401015, EDX=DEADBEEF, EBX=00344000, ESP=0019FE8C, EBP=0019FF78, ESI=004047B5, EDI=0019FE8C
main	0040405E	add     ebp, 4		EAX=00000020, ECX=00401015, EDX=00000282, EBX=00344000, ESP=0019FE8C, EBP=0019FF78, ESI=004047B5, EDI=0019FE8C
main	00404061	mov     dword ptr ds:[eax+edi], edx	[0019FEAC]=00404781	EAX=00000020, ECX=00401015, EDX=00000282, EBX=00344000, ESP=0019FE8C, EBP=0019FF7C, ESI=004047B5, EDI=0019FE8C
main	00404064	jmp     00404751		EAX=00000020, ECX=00401015, EDX=00000282, EBX=00344000, ESP=0019FE8C, EBP=0019FF7C, ESI=004047B5, EDI=0019FE8C
main	00404751	mov     al, byte ptr ds:[esi]	[004047B5]=06	EAX=00000020, ECX=00401015, EDX=00000282, EBX=00344000, ESP=0019FE8C, EBP=0019FF7C, ESI=004047B5, EDI=0019FE8C
main	00404753	movzx   eax, al		EAX=00000006, ECX=00401015, EDX=00000282, EBX=00344000, ESP=0019FE8C, EBP=0019FF7C, ESI=004047B5, EDI=0019FE8C
main	00404756	inc     esi		EAX=00000006, ECX=00401015, EDX=00000282, EBX=00344000, ESP=0019FE8C, EBP=0019FF7C, ESI=004047B5, EDI=0019FE8C
main	00404757	jmp     dword ptr ds:[eax*4+40409C]	[004040B4]=00404058	EAX=00000006, ECX=00401015, EDX=00000282, EBX=00344000, ESP=0019FE8C, EBP=0019FF7C, ESI=004047B6, EDI=0019FE8C
main	00404058	and     al, 3C		EAX=00000006, ECX=00401015, EDX=00000282, EBX=00344000, ESP=0019FE8C, EBP=0019FF7C, ESI=004047B6, EDI=0019FE8C
main	0040405B	mov     edx, dword ptr ss:[ebp]	[0019FF7C]=DEADBEEF	EAX=00000004, ECX=00401015, EDX=00000282, EBX=00344000, ESP=0019FE8C, EBP=0019FF7C, ESI=004047B6, EDI=0019FE8C
main	0040405E	add     ebp, 4		EAX=00000004, ECX=00401015, EDX=DEADBEEF, EBX=00344000, ESP=0019FE8C, EBP=0019FF7C, ESI=004047B6, EDI=0019FE8C
main	00404061	mov     dword ptr ds:[eax+edi], edx	[0019FE90]=00000202	EAX=00000004, ECX=00401015, EDX=DEADBEEF, EBX=00344000, ESP=0019FE8C, EBP=0019FF80, ESI=004047B6, EDI=0019FE8C
main	00404064	jmp     00404751		EAX=00000004, ECX=00401015, EDX=DEADBEEF, EBX=00344000, ESP=0019FE8C, EBP=0019FF80, ESI=004047B6, EDI=0019FE8C
main	00404751	mov     al, byte ptr ds:[esi]	[004047B6]=3C	EAX=00000004, ECX=00401015, EDX=DEADBEEF, EBX=00344000, ESP=0019FE8C, EBP=0019FF80, ESI=004047B6, EDI=0019FE8C
main	00404753	movzx   eax, al		EAX=0000003C, ECX=00401015, EDX=DEADBEEF, EBX=00344000, ESP=0019FE8C, EBP=0019FF80, ESI=004047B6, EDI=0019FE8C
main	00404756	inc     esi		EAX=0000003C, ECX=00401015, EDX=DEADBEEF, EBX=00344000, ESP=0019FE8C, EBP=0019FF80, ESI=004047B6, EDI=0019FE8C
main	00404757	jmp     dword ptr ds:[eax*4+40409C]	[0040418C]=004045AF	EAX=0000003C, ECX=00401015, EDX=DEADBEEF, EBX=00344000, ESP=0019FE8C, EBP=0019FF80, ESI=004047B7, EDI=0019FE8C
main	004045AF	and     al, 3C		EAX=0000003C, ECX=00401015, EDX=DEADBEEF, EBX=00344000, ESP=0019FE8C, EBP=0019FF80, ESI=004047B7, EDI=0019FE8C
main	004045B2	mov     edx, dword ptr ds:[eax+edi]	[0019FEC8]=00000212	EAX=0000003C, ECX=00401015, EDX=DEADBEEF, EBX=00344000, ESP=0019FE8C, EBP=0019FF80, ESI=004047B7, EDI=0019FE8C
main	004045B5	sub     ebp, 4		EAX=0000003C, ECX=00401015, EDX=00000212, EBX=00344000, ESP=0019FE8C, EBP=0019FF80, ESI=004047B7, EDI=0019FE8C
main	004045B8	mov     dword ptr ss:[ebp], edx	[0019FF7C]=DEADBEEF	EAX=0000003C, ECX=00401015, EDX=00000212, EBX=00344000, ESP=0019FE8C, EBP=0019FF7C, ESI=004047B7, EDI=0019FE8C
main	004045BB	jmp     0040400F		EAX=0000003C, ECX=00401015, EDX=00000212, EBX=00344000, ESP=0019FE8C, EBP=0019FF7C, ESI=004047B7, EDI=0019FE8C
main	0040400F	lea     eax, [edi+50]	[0019FEDC]=00	EAX=0000003C, ECX=00401015, EDX=00000212, EBX=00344000, ESP=0019FE8C, EBP=0019FF7C, ESI=004047B7, EDI=0019FE8C
main	00404012	cmp     ebp, eax		EAX=0019FEDC, ECX=00401015, EDX=00000212, EBX=00344000, ESP=0019FE8C, EBP=0019FF7C, ESI=004047B7, EDI=0019FE8C
main	00404014	ja      00404751		EAX=0019FEDC, ECX=00401015, EDX=00000212, EBX=00344000, ESP=0019FE8C, EBP=0019FF7C, ESI=004047B7, EDI=0019FE8C
main	00404751	mov     al, byte ptr ds:[esi]	[004047B7]=4C	EAX=0019FEDC, ECX=00401015, EDX=00000212, EBX=00344000, ESP=0019FE8C, EBP=0019FF7C, ESI=004047B7, EDI=0019FE8C
main	00404753	movzx   eax, al		EAX=0019FE4C, ECX=00401015, EDX=00000212, EBX=00344000, ESP=0019FE8C, EBP=0019FF7C, ESI=004047B7, EDI=0019FE8C
main	00404756	inc     esi		EAX=0000004C, ECX=00401015, EDX=00000212, EBX=00344000, ESP=0019FE8C, EBP=0019FF7C, ESI=004047B7, EDI=0019FE8C
main	00404757	jmp     dword ptr ds:[eax*4+40409C]	[004041CC]=004046B2	EAX=0000004C, ECX=00401015, EDX=00000212, EBX=00344000, ESP=0019FE8C, EBP=0019FF7C, ESI=004047B8, EDI=0019FE8C
main	004046B2	mov     eax, ebp		EAX=0000004C, ECX=00401015, EDX=00000212, EBX=00344000, ESP=0019FE8C, EBP=0019FF7C, ESI=004047B8, EDI=0019FE8C
main	004046B4	sub     ebp, 4		EAX=0019FF7C, ECX=00401015, EDX=00000212, EBX=00344000, ESP=0019FE8C, EBP=0019FF7C, ESI=004047B8, EDI=0019FE8C
main	004046B7	mov     dword ptr ss:[ebp], eax	[0019FF78]=00000282	EAX=0019FF7C, ECX=00401015, EDX=00000212, EBX=00344000, ESP=0019FE8C, EBP=0019FF78, ESI=004047B8, EDI=0019FE8C
main	004046BA	jmp     0040400F		EAX=0019FF7C, ECX=00401015, EDX=00000212, EBX=00344000, ESP=0019FE8C, EBP=0019FF78, ESI=004047B8, EDI=0019FE8C
main	0040400F	lea     eax, [edi+50]	[0019FEDC]=00	EAX=0019FF7C, ECX=00401015, EDX=00000212, EBX=00344000, ESP=0019FE8C, EBP=0019FF78, ESI=004047B8, EDI=0019FE8C
main	00404012	cmp     ebp, eax		EAX=0019FEDC, ECX=00401015, EDX=00000212, EBX=00344000, ESP=0019FE8C, EBP=0019FF78, ESI=004047B8, EDI=0019FE8C
main	00404014	ja      00404751		EAX=0019FEDC, ECX=00401015, EDX=00000212, EBX=00344000, ESP=0019FE8C, EBP=0019FF78, ESI=004047B8, EDI=0019FE8C
main	00404751	mov     al, byte ptr ds:[esi]	[004047B8]=21	EAX=0019FEDC, ECX=00401015, EDX=00000212, EBX=00344000, ESP=0019FE8C, EBP=0019FF78, ESI=004047B8, EDI=0019FE8C
main	00404753	movzx   eax, al		EAX=0019FE21, ECX=00401015, EDX=00000212, EBX=00344000, ESP=0019FE8C, EBP=0019FF78, ESI=004047B8, EDI=0019FE8C
main	00404756	inc     esi		EAX=00000021, ECX=00401015, EDX=00000212, EBX=00344000, ESP=0019FE8C, EBP=0019FF78, ESI=004047B8, EDI=0019FE8C
main	00404757	jmp     dword ptr ds:[eax*4+40409C]	[00404120]=00404069	EAX=00000021, ECX=00401015, EDX=00000212, EBX=00344000, ESP=0019FE8C, EBP=0019FF78, ESI=004047B9, EDI=0019FE8C
main	00404069	mov     eax, dword ptr ss:[ebp]	[0019FF78]=0019FF7C	EAX=00000021, ECX=00401015, EDX=00000212, EBX=00344000, ESP=0019FE8C, EBP=0019FF78, ESI=004047B9, EDI=0019FE8C
main	0040406C	mov     eax, dword ptr ss:[eax]	[0019FF7C]=00000212	EAX=0019FF7C, ECX=00401015, EDX=00000212, EBX=00344000, ESP=0019FE8C, EBP=0019FF78, ESI=004047B9, EDI=0019FE8C
main	0040406F	mov     dword ptr ss:[ebp], eax	[0019FF78]=0019FF7C	EAX=00000212, ECX=00401015, EDX=00000212, EBX=00344000, ESP=0019FE8C, EBP=0019FF78, ESI=004047B9, EDI=0019FE8C
main	00404072	jmp     00404751		EAX=00000212, ECX=00401015, EDX=00000212, EBX=00344000, ESP=0019FE8C, EBP=0019FF78, ESI=004047B9, EDI=0019FE8C
main	00404751	mov     al, byte ptr ds:[esi]	[004047B9]=11	EAX=00000212, ECX=00401015, EDX=00000212, EBX=00344000, ESP=0019FE8C, EBP=0019FF78, ESI=004047B9, EDI=0019FE8C
main	00404753	movzx   eax, al		EAX=00000211, ECX=00401015, EDX=00000212, EBX=00344000, ESP=0019FE8C, EBP=0019FF78, ESI=004047B9, EDI=0019FE8C
main	00404756	inc     esi		EAX=00000011, ECX=00401015, EDX=00000212, EBX=00344000, ESP=0019FE8C, EBP=0019FF78, ESI=004047B9, EDI=0019FE8C
main	00404757	jmp     dword ptr ds:[eax*4+40409C]	[004040E0]=0040451A	EAX=00000011, ECX=00401015, EDX=00000212, EBX=00344000, ESP=0019FE8C, EBP=0019FF78, ESI=004047BA, EDI=0019FE8C
main	0040451A	mov     eax, dword ptr ss:[ebp]	[0019FF78]=00000212	EAX=00000011, ECX=00401015, EDX=00000212, EBX=00344000, ESP=0019FE8C, EBP=0019FF78, ESI=004047BA, EDI=0019FE8C
main	0040451D	mov     edx, dword ptr ss:[ebp+4]	[0019FF7C]=00000212	EAX=00000212, ECX=00401015, EDX=00000212, EBX=00344000, ESP=0019FE8C, EBP=0019FF78, ESI=004047BA, EDI=0019FE8C
main	00404520	not     eax		EAX=00000212, ECX=00401015, EDX=00000212, EBX=00344000, ESP=0019FE8C, EBP=0019FF78, ESI=004047BA, EDI=0019FE8C
main	00404522	not     edx		EAX=FFFFFDED, ECX=00401015, EDX=00000212, EBX=00344000, ESP=0019FE8C, EBP=0019FF78, ESI=004047BA, EDI=0019FE8C
main	00404524	and     eax, edx		EAX=FFFFFDED, ECX=00401015, EDX=FFFFFDED, EBX=00344000, ESP=0019FE8C, EBP=0019FF78, ESI=004047BA, EDI=0019FE8C
main	00404526	mov     dword ptr ss:[ebp+4], eax	[0019FF7C]=00000212	EAX=FFFFFDED, ECX=00401015, EDX=FFFFFDED, EBX=00344000, ESP=0019FE8C, EBP=0019FF78, ESI=004047BA, EDI=0019FE8C
main	00404529	pushfd	[0019FE88]=00000282	EAX=FFFFFDED, ECX=00401015, EDX=FFFFFDED, EBX=00344000, ESP=0019FE8C, EBP=0019FF78, ESI=004047BA, EDI=0019FE8C
main	0040452A	pop     dword ptr ss:[ebp]	[0019FF78]=00000212	EAX=FFFFFDED, ECX=00401015, EDX=FFFFFDED, EBX=00344000, ESP=0019FE88, EBP=0019FF78, ESI=004047BA, EDI=0019FE8C
main	0040452D	jmp     00404751		EAX=FFFFFDED, ECX=00401015, EDX=FFFFFDED, EBX=00344000, ESP=0019FE8C, EBP=0019FF78, ESI=004047BA, EDI=0019FE8C
main	00404751	mov     al, byte ptr ds:[esi]	[004047BA]=16	EAX=FFFFFDED, ECX=00401015, EDX=FFFFFDED, EBX=00344000, ESP=0019FE8C, EBP=0019FF78, ESI=004047BA, EDI=0019FE8C
main	00404753	movzx   eax, al		EAX=FFFFFD16, ECX=00401015, EDX=FFFFFDED, EBX=00344000, ESP=0019FE8C, EBP=0019FF78, ESI=004047BA, EDI=0019FE8C
main	00404756	inc     esi		EAX=00000016, ECX=00401015, EDX=FFFFFDED, EBX=00344000, ESP=0019FE8C, EBP=0019FF78, ESI=004047BA, EDI=0019FE8C
main	00404757	jmp     dword ptr ds:[eax*4+40409C]	[004040F4]=00404058	EAX=00000016, ECX=00401015, EDX=FFFFFDED, EBX=00344000, ESP=0019FE8C, EBP=0019FF78, ESI=004047BB, EDI=0019FE8C
main	00404058	and     al, 3C		EAX=00000016, ECX=00401015, EDX=FFFFFDED, EBX=00344000, ESP=0019FE8C, EBP=0019FF78, ESI=004047BB, EDI=0019FE8C
main	0040405B	mov     edx, dword ptr ss:[ebp]	[0019FF78]=00000286	EAX=00000014, ECX=00401015, EDX=FFFFFDED, EBX=00344000, ESP=0019FE8C, EBP=0019FF78, ESI=004047BB, EDI=0019FE8C
main	0040405E	add     ebp, 4		EAX=00000014, ECX=00401015, EDX=00000286, EBX=00344000, ESP=0019FE8C, EBP=0019FF78, ESI=004047BB, EDI=0019FE8C
main	00404061	mov     dword ptr ds:[eax+edi], edx	[0019FEA0]=DEADBEEF	EAX=00000014, ECX=00401015, EDX=00000286, EBX=00344000, ESP=0019FE8C, EBP=0019FF7C, ESI=004047BB, EDI=0019FE8C
main	00404064	jmp     00404751		EAX=00000014, ECX=00401015, EDX=00000286, EBX=00344000, ESP=0019FE8C, EBP=0019FF7C, ESI=004047BB, EDI=0019FE8C
main	00404751	mov     al, byte ptr ds:[esi]	[004047BB]=EB	EAX=00000014, ECX=00401015, EDX=00000286, EBX=00344000, ESP=0019FE8C, EBP=0019FF7C, ESI=004047BB, EDI=0019FE8C
main	00404753	movzx   eax, al		EAX=000000EB, ECX=00401015, EDX=00000286, EBX=00344000, ESP=0019FE8C, EBP=0019FF7C, ESI=004047BB, EDI=0019FE8C
main	00404756	inc     esi		EAX=000000EB, ECX=00401015, EDX=00000286, EBX=00344000, ESP=0019FE8C, EBP=0019FF7C, ESI=004047BB, EDI=0019FE8C
main	00404757	jmp     dword ptr ds:[eax*4+40409C]	[00404448]=004044BE	EAX=000000EB, ECX=00401015, EDX=00000286, EBX=00344000, ESP=0019FE8C, EBP=0019FF7C, ESI=004047BC, EDI=0019FE8C
main	004044BE	mov     ax, word ptr ds:[esi]	[004047BC]=F7EA	EAX=000000EB, ECX=00401015, EDX=00000286, EBX=00344000, ESP=0019FE8C, EBP=0019FF7C, ESI=004047BC, EDI=0019FE8C
main	004044C1	cwde		EAX=0000F7EA, ECX=00401015, EDX=00000286, EBX=00344000, ESP=0019FE8C, EBP=0019FF7C, ESI=004047BC, EDI=0019FE8C
main	004044C2	add     esi, 2		EAX=FFFFF7EA, ECX=00401015, EDX=00000286, EBX=00344000, ESP=0019FE8C, EBP=0019FF7C, ESI=004047BC, EDI=0019FE8C
main	004044C5	sub     ebp, 4		EAX=FFFFF7EA, ECX=00401015, EDX=00000286, EBX=00344000, ESP=0019FE8C, EBP=0019FF7C, ESI=004047BE, EDI=0019FE8C
main	004044C8	mov     dword ptr ss:[ebp], eax	[0019FF78]=00000286	EAX=FFFFF7EA, ECX=00401015, EDX=00000286, EBX=00344000, ESP=0019FE8C, EBP=0019FF78, ESI=004047BE, EDI=0019FE8C
main	004044CB	jmp     0040400F		EAX=FFFFF7EA, ECX=00401015, EDX=00000286, EBX=00344000, ESP=0019FE8C, EBP=0019FF78, ESI=004047BE, EDI=0019FE8C
main	0040400F	lea     eax, [edi+50]	[0019FEDC]=00	EAX=FFFFF7EA, ECX=00401015, EDX=00000286, EBX=00344000, ESP=0019FE8C, EBP=0019FF78, ESI=004047BE, EDI=0019FE8C
main	00404012	cmp     ebp, eax		EAX=0019FEDC, ECX=00401015, EDX=00000286, EBX=00344000, ESP=0019FE8C, EBP=0019FF78, ESI=004047BE, EDI=0019FE8C
main	00404014	ja      00404751		EAX=0019FEDC, ECX=00401015, EDX=00000286, EBX=00344000, ESP=0019FE8C, EBP=0019FF78, ESI=004047BE, EDI=0019FE8C
main	00404751	mov     al, byte ptr ds:[esi]	[004047BE]=11	EAX=0019FEDC, ECX=00401015, EDX=00000286, EBX=00344000, ESP=0019FE8C, EBP=0019FF78, ESI=004047BE, EDI=0019FE8C
main	00404753	movzx   eax, al		EAX=0019FE11, ECX=00401015, EDX=00000286, EBX=00344000, ESP=0019FE8C, EBP=0019FF78, ESI=004047BE, EDI=0019FE8C
main	00404756	inc     esi		EAX=00000011, ECX=00401015, EDX=00000286, EBX=00344000, ESP=0019FE8C, EBP=0019FF78, ESI=004047BE, EDI=0019FE8C
main	00404757	jmp     dword ptr ds:[eax*4+40409C]	[004040E0]=0040451A	EAX=00000011, ECX=00401015, EDX=00000286, EBX=00344000, ESP=0019FE8C, EBP=0019FF78, ESI=004047BF, EDI=0019FE8C
main	0040451A	mov     eax, dword ptr ss:[ebp]	[0019FF78]=FFFFF7EA	EAX=00000011, ECX=00401015, EDX=00000286, EBX=00344000, ESP=0019FE8C, EBP=0019FF78, ESI=004047BF, EDI=0019FE8C
main	0040451D	mov     edx, dword ptr ss:[ebp+4]	[0019FF7C]=FFFFFDED	EAX=FFFFF7EA, ECX=00401015, EDX=00000286, EBX=00344000, ESP=0019FE8C, EBP=0019FF78, ESI=004047BF, EDI=0019FE8C
main	00404520	not     eax		EAX=FFFFF7EA, ECX=00401015, EDX=FFFFFDED, EBX=00344000, ESP=0019FE8C, EBP=0019FF78, ESI=004047BF, EDI=0019FE8C
main	00404522	not     edx		EAX=00000815, ECX=00401015, EDX=FFFFFDED, EBX=00344000, ESP=0019FE8C, EBP=0019FF78, ESI=004047BF, EDI=0019FE8C
main	00404524	and     eax, edx		EAX=00000815, ECX=00401015, EDX=00000212, EBX=00344000, ESP=0019FE8C, EBP=0019FF78, ESI=004047BF, EDI=0019FE8C
main	00404526	mov     dword ptr ss:[ebp+4], eax	[0019FF7C]=FFFFFDED	EAX=00000010, ECX=00401015, EDX=00000212, EBX=00344000, ESP=0019FE8C, EBP=0019FF78, ESI=004047BF, EDI=0019FE8C
main	00404529	pushfd	[0019FE88]=00000286	EAX=00000010, ECX=00401015, EDX=00000212, EBX=00344000, ESP=0019FE8C, EBP=0019FF78, ESI=004047BF, EDI=0019FE8C
main	0040452A	pop     dword ptr ss:[ebp]	[0019FF78]=FFFFF7EA	EAX=00000010, ECX=00401015, EDX=00000212, EBX=00344000, ESP=0019FE88, EBP=0019FF78, ESI=004047BF, EDI=0019FE8C
main	0040452D	jmp     00404751		EAX=00000010, ECX=00401015, EDX=00000212, EBX=00344000, ESP=0019FE8C, EBP=0019FF78, ESI=004047BF, EDI=0019FE8C
main	00404751	mov     al, byte ptr ds:[esi]	[004047BF]=1E	EAX=00000010, ECX=00401015, EDX=00000212, EBX=00344000, ESP=0019FE8C, EBP=0019FF78, ESI=004047BF, EDI=0019FE8C
main	00404753	movzx   eax, al		EAX=0000001E, ECX=00401015, EDX=00000212, EBX=00344000, ESP=0019FE8C, EBP=0019FF78, ESI=004047BF, EDI=0019FE8C
main	00404756	inc     esi		EAX=0000001E, ECX=00401015, EDX=00000212, EBX=00344000, ESP=0019FE8C, EBP=0019FF78, ESI=004047BF, EDI=0019FE8C
main	00404757	jmp     dword ptr ds:[eax*4+40409C]	[00404114]=00404058	EAX=0000001E, ECX=00401015, EDX=00000212, EBX=00344000, ESP=0019FE8C, EBP=0019FF78, ESI=004047C0, EDI=0019FE8C
main	00404058	and     al, 3C		EAX=0000001E, ECX=00401015, EDX=00000212, EBX=00344000, ESP=0019FE8C, EBP=0019FF78, ESI=004047C0, EDI=0019FE8C
main	0040405B	mov     edx, dword ptr ss:[ebp]	[0019FF78]=00000202	EAX=0000001C, ECX=00401015, EDX=00000212, EBX=00344000, ESP=0019FE8C, EBP=0019FF78, ESI=004047C0, EDI=0019FE8C
main	0040405E	add     ebp, 4		EAX=0000001C, ECX=00401015, EDX=00000202, EBX=00344000, ESP=0019FE8C, EBP=0019FF78, ESI=004047C0, EDI=0019FE8C
main	00404061	mov     dword ptr ds:[eax+edi], edx	[0019FEA8]=00000292	EAX=0000001C, ECX=00401015, EDX=00000202, EBX=00344000, ESP=0019FE8C, EBP=0019FF7C, ESI=004047C0, EDI=0019FE8C
main	00404064	jmp     00404751		EAX=0000001C, ECX=00401015, EDX=00000202, EBX=00344000, ESP=0019FE8C, EBP=0019FF7C, ESI=004047C0, EDI=0019FE8C
main	00404751	mov     al, byte ptr ds:[esi]	[004047C0]=20	EAX=0000001C, ECX=00401015, EDX=00000202, EBX=00344000, ESP=0019FE8C, EBP=0019FF7C, ESI=004047C0, EDI=0019FE8C
main	00404753	movzx   eax, al		EAX=00000020, ECX=00401015, EDX=00000202, EBX=00344000, ESP=0019FE8C, EBP=0019FF7C, ESI=004047C0, EDI=0019FE8C
main	00404756	inc     esi		EAX=00000020, ECX=00401015, EDX=00000202, EBX=00344000, ESP=0019FE8C, EBP=0019FF7C, ESI=004047C0, EDI=0019FE8C
main	00404757	jmp     dword ptr ds:[eax*4+40409C]	[0040411C]=004045AF	EAX=00000020, ECX=00401015, EDX=00000202, EBX=00344000, ESP=0019FE8C, EBP=0019FF7C, ESI=004047C1, EDI=0019FE8C
main	004045AF	and     al, 3C		EAX=00000020, ECX=00401015, EDX=00000202, EBX=00344000, ESP=0019FE8C, EBP=0019FF7C, ESI=004047C1, EDI=0019FE8C
main	004045B2	mov     edx, dword ptr ds:[eax+edi]	[0019FEAC]=00000282	EAX=00000020, ECX=00401015, EDX=00000202, EBX=00344000, ESP=0019FE8C, EBP=0019FF7C, ESI=004047C1, EDI=0019FE8C
main	004045B5	sub     ebp, 4		EAX=00000020, ECX=00401015, EDX=00000282, EBX=00344000, ESP=0019FE8C, EBP=0019FF7C, ESI=004047C1, EDI=0019FE8C
main	004045B8	mov     dword ptr ss:[ebp], edx	[0019FF78]=00000202	EAX=00000020, ECX=00401015, EDX=00000282, EBX=00344000, ESP=0019FE8C, EBP=0019FF78, ESI=004047C1, EDI=0019FE8C
main	004045BB	jmp     0040400F		EAX=00000020, ECX=00401015, EDX=00000282, EBX=00344000, ESP=0019FE8C, EBP=0019FF78, ESI=004047C1, EDI=0019FE8C
main	0040400F	lea     eax, [edi+50]	[0019FEDC]=00	EAX=00000020, ECX=00401015, EDX=00000282, EBX=00344000, ESP=0019FE8C, EBP=0019FF78, ESI=004047C1, EDI=0019FE8C
main	00404012	cmp     ebp, eax		EAX=0019FEDC, ECX=00401015, EDX=00000282, EBX=00344000, ESP=0019FE8C, EBP=0019FF78, ESI=004047C1, EDI=0019FE8C
main	00404014	ja      00404751		EAX=0019FEDC, ECX=00401015, EDX=00000282, EBX=00344000, ESP=0019FE8C, EBP=0019FF78, ESI=004047C1, EDI=0019FE8C
main	00404751	mov     al, byte ptr ds:[esi]	[004047C1]=20	EAX=0019FEDC, ECX=00401015, EDX=00000282, EBX=00344000, ESP=0019FE8C, EBP=0019FF78, ESI=004047C1, EDI=0019FE8C
main	00404753	movzx   eax, al		EAX=0019FE20, ECX=00401015, EDX=00000282, EBX=00344000, ESP=0019FE8C, EBP=0019FF78, ESI=004047C1, EDI=0019FE8C
main	00404756	inc     esi		EAX=00000020, ECX=00401015, EDX=00000282, EBX=00344000, ESP=0019FE8C, EBP=0019FF78, ESI=004047C1, EDI=0019FE8C
main	00404757	jmp     dword ptr ds:[eax*4+40409C]	[0040411C]=004045AF	EAX=00000020, ECX=00401015, EDX=00000282, EBX=00344000, ESP=0019FE8C, EBP=0019FF78, ESI=004047C2, EDI=0019FE8C
main	004045AF	and     al, 3C		EAX=00000020, ECX=00401015, EDX=00000282, EBX=00344000, ESP=0019FE8C, EBP=0019FF78, ESI=004047C2, EDI=0019FE8C
main	004045B2	mov     edx, dword ptr ds:[eax+edi]	[0019FEAC]=00000282	EAX=00000020, ECX=00401015, EDX=00000282, EBX=00344000, ESP=0019FE8C, EBP=0019FF78, ESI=004047C2, EDI=0019FE8C
main	004045B5	sub     ebp, 4		EAX=00000020, ECX=00401015, EDX=00000282, EBX=00344000, ESP=0019FE8C, EBP=0019FF78, ESI=004047C2, EDI=0019FE8C
main	004045B8	mov     dword ptr ss:[ebp], edx	[0019FF74]=00000202	EAX=00000020, ECX=00401015, EDX=00000282, EBX=00344000, ESP=0019FE8C, EBP=0019FF74, ESI=004047C2, EDI=0019FE8C
main	004045BB	jmp     0040400F		EAX=00000020, ECX=00401015, EDX=00000282, EBX=00344000, ESP=0019FE8C, EBP=0019FF74, ESI=004047C2, EDI=0019FE8C
main	0040400F	lea     eax, [edi+50]	[0019FEDC]=00	EAX=00000020, ECX=00401015, EDX=00000282, EBX=00344000, ESP=0019FE8C, EBP=0019FF74, ESI=004047C2, EDI=0019FE8C
main	00404012	cmp     ebp, eax		EAX=0019FEDC, ECX=00401015, EDX=00000282, EBX=00344000, ESP=0019FE8C, EBP=0019FF74, ESI=004047C2, EDI=0019FE8C
main	00404014	ja      00404751		EAX=0019FEDC, ECX=00401015, EDX=00000282, EBX=00344000, ESP=0019FE8C, EBP=0019FF74, ESI=004047C2, EDI=0019FE8C
main	00404751	mov     al, byte ptr ds:[esi]	[004047C2]=6B	EAX=0019FEDC, ECX=00401015, EDX=00000282, EBX=00344000, ESP=0019FE8C, EBP=0019FF74, ESI=004047C2, EDI=0019FE8C
main	00404753	movzx   eax, al		EAX=0019FE6B, ECX=00401015, EDX=00000282, EBX=00344000, ESP=0019FE8C, EBP=0019FF74, ESI=004047C2, EDI=0019FE8C
main	00404756	inc     esi		EAX=0000006B, ECX=00401015, EDX=00000282, EBX=00344000, ESP=0019FE8C, EBP=0019FF74, ESI=004047C2, EDI=0019FE8C
main	00404757	jmp     dword ptr ds:[eax*4+40409C]	[00404248]=0040451A	EAX=0000006B, ECX=00401015, EDX=00000282, EBX=00344000, ESP=0019FE8C, EBP=0019FF74, ESI=004047C3, EDI=0019FE8C
main	0040451A	mov     eax, dword ptr ss:[ebp]	[0019FF74]=00000282	EAX=0000006B, ECX=00401015, EDX=00000282, EBX=00344000, ESP=0019FE8C, EBP=0019FF74, ESI=004047C3, EDI=0019FE8C
main	0040451D	mov     edx, dword ptr ss:[ebp+4]	[0019FF78]=00000282	EAX=00000282, ECX=00401015, EDX=00000282, EBX=00344000, ESP=0019FE8C, EBP=0019FF74, ESI=004047C3, EDI=0019FE8C
main	00404520	not     eax		EAX=00000282, ECX=00401015, EDX=00000282, EBX=00344000, ESP=0019FE8C, EBP=0019FF74, ESI=004047C3, EDI=0019FE8C
main	00404522	not     edx		EAX=FFFFFD7D, ECX=00401015, EDX=00000282, EBX=00344000, ESP=0019FE8C, EBP=0019FF74, ESI=004047C3, EDI=0019FE8C
main	00404524	and     eax, edx		EAX=FFFFFD7D, ECX=00401015, EDX=FFFFFD7D, EBX=00344000, ESP=0019FE8C, EBP=0019FF74, ESI=004047C3, EDI=0019FE8C
main	00404526	mov     dword ptr ss:[ebp+4], eax	[0019FF78]=00000282	EAX=FFFFFD7D, ECX=00401015, EDX=FFFFFD7D, EBX=00344000, ESP=0019FE8C, EBP=0019FF74, ESI=004047C3, EDI=0019FE8C
main	00404529	pushfd	[0019FE88]=00000202	EAX=FFFFFD7D, ECX=00401015, EDX=FFFFFD7D, EBX=00344000, ESP=0019FE8C, EBP=0019FF74, ESI=004047C3, EDI=0019FE8C
main	0040452A	pop     dword ptr ss:[ebp]	[0019FF74]=00000282	EAX=FFFFFD7D, ECX=00401015, EDX=FFFFFD7D, EBX=00344000, ESP=0019FE88, EBP=0019FF74, ESI=004047C3, EDI=0019FE8C
main	0040452D	jmp     00404751		EAX=FFFFFD7D, ECX=00401015, EDX=FFFFFD7D, EBX=00344000, ESP=0019FE8C, EBP=0019FF74, ESI=004047C3, EDI=0019FE8C
main	00404751	mov     al, byte ptr ds:[esi]	[004047C3]=32	EAX=FFFFFD7D, ECX=00401015, EDX=FFFFFD7D, EBX=00344000, ESP=0019FE8C, EBP=0019FF74, ESI=004047C3, EDI=0019FE8C
main	00404753	movzx   eax, al		EAX=FFFFFD32, ECX=00401015, EDX=FFFFFD7D, EBX=00344000, ESP=0019FE8C, EBP=0019FF74, ESI=004047C3, EDI=0019FE8C
main	00404756	inc     esi		EAX=00000032, ECX=00401015, EDX=FFFFFD7D, EBX=00344000, ESP=0019FE8C, EBP=0019FF74, ESI=004047C3, EDI=0019FE8C
main	00404757	jmp     dword ptr ds:[eax*4+40409C]	[00404164]=00404058	EAX=00000032, ECX=00401015, EDX=FFFFFD7D, EBX=00344000, ESP=0019FE8C, EBP=0019FF74, ESI=004047C4, EDI=0019FE8C
main	00404058	and     al, 3C		EAX=00000032, ECX=00401015, EDX=FFFFFD7D, EBX=00344000, ESP=0019FE8C, EBP=0019FF74, ESI=004047C4, EDI=0019FE8C
main	0040405B	mov     edx, dword ptr ss:[ebp]	[0019FF74]=00000286	EAX=00000030, ECX=00401015, EDX=FFFFFD7D, EBX=00344000, ESP=0019FE8C, EBP=0019FF74, ESI=004047C4, EDI=0019FE8C
main	0040405E	add     ebp, 4		EAX=00000030, ECX=00401015, EDX=00000286, EBX=00344000, ESP=0019FE8C, EBP=0019FF74, ESI=004047C4, EDI=0019FE8C
main	00404061	mov     dword ptr ds:[eax+edi], edx	[0019FEBC]=00000000	EAX=00000030, ECX=00401015, EDX=00000286, EBX=00344000, ESP=0019FE8C, EBP=0019FF78, ESI=004047C4, EDI=0019FE8C
main	00404064	jmp     00404751		EAX=00000030, ECX=00401015, EDX=00000286, EBX=00344000, ESP=0019FE8C, EBP=0019FF78, ESI=004047C4, EDI=0019FE8C
main	00404751	mov     al, byte ptr ds:[esi]	[004047C4]=77	EAX=00000030, ECX=00401015, EDX=00000286, EBX=00344000, ESP=0019FE8C, EBP=0019FF78, ESI=004047C4, EDI=0019FE8C
main	00404753	movzx   eax, al		EAX=00000077, ECX=00401015, EDX=00000286, EBX=00344000, ESP=0019FE8C, EBP=0019FF78, ESI=004047C4, EDI=0019FE8C
main	00404756	inc     esi		EAX=00000077, ECX=00401015, EDX=00000286, EBX=00344000, ESP=0019FE8C, EBP=0019FF78, ESI=004047C4, EDI=0019FE8C
main	00404757	jmp     dword ptr ds:[eax*4+40409C]	[00404278]=004044BE	EAX=00000077, ECX=00401015, EDX=00000286, EBX=00344000, ESP=0019FE8C, EBP=0019FF78, ESI=004047C5, EDI=0019FE8C
main	004044BE	mov     ax, word ptr ds:[esi]	[004047C5]=0815	EAX=00000077, ECX=00401015, EDX=00000286, EBX=00344000, ESP=0019FE8C, EBP=0019FF78, ESI=004047C5, EDI=0019FE8C
main	004044C1	cwde		EAX=00000815, ECX=00401015, EDX=00000286, EBX=00344000, ESP=0019FE8C, EBP=0019FF78, ESI=004047C5, EDI=0019FE8C
main	004044C2	add     esi, 2		EAX=00000815, ECX=00401015, EDX=00000286, EBX=00344000, ESP=0019FE8C, EBP=0019FF78, ESI=004047C5, EDI=0019FE8C
main	004044C5	sub     ebp, 4		EAX=00000815, ECX=00401015, EDX=00000286, EBX=00344000, ESP=0019FE8C, EBP=0019FF78, ESI=004047C7, EDI=0019FE8C
main	004044C8	mov     dword ptr ss:[ebp], eax	[0019FF74]=00000286	EAX=00000815, ECX=00401015, EDX=00000286, EBX=00344000, ESP=0019FE8C, EBP=0019FF74, ESI=004047C7, EDI=0019FE8C
main	004044CB	jmp     0040400F		EAX=00000815, ECX=00401015, EDX=00000286, EBX=00344000, ESP=0019FE8C, EBP=0019FF74, ESI=004047C7, EDI=0019FE8C
main	0040400F	lea     eax, [edi+50]	[0019FEDC]=00	EAX=00000815, ECX=00401015, EDX=00000286, EBX=00344000, ESP=0019FE8C, EBP=0019FF74, ESI=004047C7, EDI=0019FE8C
main	00404012	cmp     ebp, eax		EAX=0019FEDC, ECX=00401015, EDX=00000286, EBX=00344000, ESP=0019FE8C, EBP=0019FF74, ESI=004047C7, EDI=0019FE8C
main	00404014	ja      00404751		EAX=0019FEDC, ECX=00401015, EDX=00000286, EBX=00344000, ESP=0019FE8C, EBP=0019FF74, ESI=004047C7, EDI=0019FE8C
main	00404751	mov     al, byte ptr ds:[esi]	[004047C7]=78	EAX=0019FEDC, ECX=00401015, EDX=00000286, EBX=00344000, ESP=0019FE8C, EBP=0019FF74, ESI=004047C7, EDI=0019FE8C
main	00404753	movzx   eax, al		EAX=0019FE78, ECX=00401015, EDX=00000286, EBX=00344000, ESP=0019FE8C, EBP=0019FF74, ESI=004047C7, EDI=0019FE8C
main	00404756	inc     esi		EAX=00000078, ECX=00401015, EDX=00000286, EBX=00344000, ESP=0019FE8C, EBP=0019FF74, ESI=004047C7, EDI=0019FE8C
main	00404757	jmp     dword ptr ds:[eax*4+40409C]	[0040427C]=0040451A	EAX=00000078, ECX=00401015, EDX=00000286, EBX=00344000, ESP=0019FE8C, EBP=0019FF74, ESI=004047C8, EDI=0019FE8C
main	0040451A	mov     eax, dword ptr ss:[ebp]	[0019FF74]=00000815	EAX=00000078, ECX=00401015, EDX=00000286, EBX=00344000, ESP=0019FE8C, EBP=0019FF74, ESI=004047C8, EDI=0019FE8C
main	0040451D	mov     edx, dword ptr ss:[ebp+4]	[0019FF78]=FFFFFD7D	EAX=00000815, ECX=00401015, EDX=00000286, EBX=00344000, ESP=0019FE8C, EBP=0019FF74, ESI=004047C8, EDI=0019FE8C
main	00404520	not     eax		EAX=00000815, ECX=00401015, EDX=FFFFFD7D, EBX=00344000, ESP=0019FE8C, EBP=0019FF74, ESI=004047C8, EDI=0019FE8C
main	00404522	not     edx		EAX=FFFFF7EA, ECX=00401015, EDX=FFFFFD7D, EBX=00344000, ESP=0019FE8C, EBP=0019FF74, ESI=004047C8, EDI=0019FE8C
main	00404524	and     eax, edx		EAX=FFFFF7EA, ECX=00401015, EDX=00000282, EBX=00344000, ESP=0019FE8C, EBP=0019FF74, ESI=004047C8, EDI=0019FE8C
main	00404526	mov     dword ptr ss:[ebp+4], eax	[0019FF78]=FFFFFD7D	EAX=00000282, ECX=00401015, EDX=00000282, EBX=00344000, ESP=0019FE8C, EBP=0019FF74, ESI=004047C8, EDI=0019FE8C
main	00404529	pushfd	[0019FE88]=00000286	EAX=00000282, ECX=00401015, EDX=00000282, EBX=00344000, ESP=0019FE8C, EBP=0019FF74, ESI=004047C8, EDI=0019FE8C
main	0040452A	pop     dword ptr ss:[ebp]	[0019FF74]=00000815	EAX=00000282, ECX=00401015, EDX=00000282, EBX=00344000, ESP=0019FE88, EBP=0019FF74, ESI=004047C8, EDI=0019FE8C
main	0040452D	jmp     00404751		EAX=00000282, ECX=00401015, EDX=00000282, EBX=00344000, ESP=0019FE8C, EBP=0019FF74, ESI=004047C8, EDI=0019FE8C
main	00404751	mov     al, byte ptr ds:[esi]	[004047C8]=32	EAX=00000282, ECX=00401015, EDX=00000282, EBX=00344000, ESP=0019FE8C, EBP=0019FF74, ESI=004047C8, EDI=0019FE8C
main	00404753	movzx   eax, al		EAX=00000232, ECX=00401015, EDX=00000282, EBX=00344000, ESP=0019FE8C, EBP=0019FF74, ESI=004047C8, EDI=0019FE8C
main	00404756	inc     esi		EAX=00000032, ECX=00401015, EDX=00000282, EBX=00344000, ESP=0019FE8C, EBP=0019FF74, ESI=004047C8, EDI=0019FE8C
main	00404757	jmp     dword ptr ds:[eax*4+40409C]	[00404164]=00404058	EAX=00000032, ECX=00401015, EDX=00000282, EBX=00344000, ESP=0019FE8C, EBP=0019FF74, ESI=004047C9, EDI=0019FE8C
main	00404058	and     al, 3C		EAX=00000032, ECX=00401015, EDX=00000282, EBX=00344000, ESP=0019FE8C, EBP=0019FF74, ESI=004047C9, EDI=0019FE8C
main	0040405B	mov     edx, dword ptr ss:[ebp]	[0019FF74]=00000206	EAX=00000030, ECX=00401015, EDX=00000282, EBX=00344000, ESP=0019FE8C, EBP=0019FF74, ESI=004047C9, EDI=0019FE8C
main	0040405E	add     ebp, 4		EAX=00000030, ECX=00401015, EDX=00000206, EBX=00344000, ESP=0019FE8C, EBP=0019FF74, ESI=004047C9, EDI=0019FE8C
main	00404061	mov     dword ptr ds:[eax+edi], edx	[0019FEBC]=00000286	EAX=00000030, ECX=00401015, EDX=00000206, EBX=00344000, ESP=0019FE8C, EBP=0019FF78, ESI=004047C9, EDI=0019FE8C
main	00404064	jmp     00404751		EAX=00000030, ECX=00401015, EDX=00000206, EBX=00344000, ESP=0019FE8C, EBP=0019FF78, ESI=004047C9, EDI=0019FE8C
main	00404751	mov     al, byte ptr ds:[esi]	[004047C9]=5C	EAX=00000030, ECX=00401015, EDX=00000206, EBX=00344000, ESP=0019FE8C, EBP=0019FF78, ESI=004047C9, EDI=0019FE8C
main	00404753	movzx   eax, al		EAX=0000005C, ECX=00401015, EDX=00000206, EBX=00344000, ESP=0019FE8C, EBP=0019FF78, ESI=004047C9, EDI=0019FE8C
main	00404756	inc     esi		EAX=0000005C, ECX=00401015, EDX=00000206, EBX=00344000, ESP=0019FE8C, EBP=0019FF78, ESI=004047C9, EDI=0019FE8C
main	00404757	jmp     dword ptr ds:[eax*4+40409C]	[0040420C]=00404000	EAX=0000005C, ECX=00401015, EDX=00000206, EBX=00344000, ESP=0019FE8C, EBP=0019FF78, ESI=004047CA, EDI=0019FE8C
main	00404000	mov     eax, dword ptr ss:[ebp]	[0019FF78]=00000282	EAX=0000005C, ECX=00401015, EDX=00000206, EBX=00344000, ESP=0019FE8C, EBP=0019FF78, ESI=004047CA, EDI=0019FE8C
main	00404003	add     dword ptr ss:[ebp+4], eax	[0019FF7C]=00000010	EAX=00000282, ECX=00401015, EDX=00000206, EBX=00344000, ESP=0019FE8C, EBP=0019FF78, ESI=004047CA, EDI=0019FE8C
main	00404006	pushfd	[0019FE88]=00000206	EAX=00000282, ECX=00401015, EDX=00000206, EBX=00344000, ESP=0019FE8C, EBP=0019FF78, ESI=004047CA, EDI=0019FE8C
main	00404007	pop     dword ptr ss:[ebp]	[0019FF78]=00000282	EAX=00000282, ECX=00401015, EDX=00000206, EBX=00344000, ESP=0019FE88, EBP=0019FF78, ESI=004047CA, EDI=0019FE8C
main	0040400A	jmp     00404751		EAX=00000282, ECX=00401015, EDX=00000206, EBX=00344000, ESP=0019FE8C, EBP=0019FF78, ESI=004047CA, EDI=0019FE8C
main	00404751	mov     al, byte ptr ds:[esi]	[004047CA]=32	EAX=00000282, ECX=00401015, EDX=00000206, EBX=00344000, ESP=0019FE8C, EBP=0019FF78, ESI=004047CA, EDI=0019FE8C
main	00404753	movzx   eax, al		EAX=00000232, ECX=00401015, EDX=00000206, EBX=00344000, ESP=0019FE8C, EBP=0019FF78, ESI=004047CA, EDI=0019FE8C
main	00404756	inc     esi		EAX=00000032, ECX=00401015, EDX=00000206, EBX=00344000, ESP=0019FE8C, EBP=0019FF78, ESI=004047CA, EDI=0019FE8C
main	00404757	jmp     dword ptr ds:[eax*4+40409C]	[00404164]=00404058	EAX=00000032, ECX=00401015, EDX=00000206, EBX=00344000, ESP=0019FE8C, EBP=0019FF78, ESI=004047CB, EDI=0019FE8C
main	00404058	and     al, 3C		EAX=00000032, ECX=00401015, EDX=00000206, EBX=00344000, ESP=0019FE8C, EBP=0019FF78, ESI=004047CB, EDI=0019FE8C
main	0040405B	mov     edx, dword ptr ss:[ebp]	[0019FF78]=00000202	EAX=00000030, ECX=00401015, EDX=00000206, EBX=00344000, ESP=0019FE8C, EBP=0019FF78, ESI=004047CB, EDI=0019FE8C
main	0040405E	add     ebp, 4		EAX=00000030, ECX=00401015, EDX=00000202, EBX=00344000, ESP=0019FE8C, EBP=0019FF78, ESI=004047CB, EDI=0019FE8C
main	00404061	mov     dword ptr ds:[eax+edi], edx	[0019FEBC]=00000206	EAX=00000030, ECX=00401015, EDX=00000202, EBX=00344000, ESP=0019FE8C, EBP=0019FF7C, ESI=004047CB, EDI=0019FE8C
main	00404064	jmp     00404751		EAX=00000030, ECX=00401015, EDX=00000202, EBX=00344000, ESP=0019FE8C, EBP=0019FF7C, ESI=004047CB, EDI=0019FE8C
main	00404751	mov     al, byte ptr ds:[esi]	[004047CB]=36	EAX=00000030, ECX=00401015, EDX=00000202, EBX=00344000, ESP=0019FE8C, EBP=0019FF7C, ESI=004047CB, EDI=0019FE8C
main	00404753	movzx   eax, al		EAX=00000036, ECX=00401015, EDX=00000202, EBX=00344000, ESP=0019FE8C, EBP=0019FF7C, ESI=004047CB, EDI=0019FE8C
main	00404756	inc     esi		EAX=00000036, ECX=00401015, EDX=00000202, EBX=00344000, ESP=0019FE8C, EBP=0019FF7C, ESI=004047CB, EDI=0019FE8C
main	00404757	jmp     dword ptr ds:[eax*4+40409C]	[00404174]=00404058	EAX=00000036, ECX=00401015, EDX=00000202, EBX=00344000, ESP=0019FE8C, EBP=0019FF7C, ESI=004047CC, EDI=0019FE8C
main	00404058	and     al, 3C		EAX=00000036, ECX=00401015, EDX=00000202, EBX=00344000, ESP=0019FE8C, EBP=0019FF7C, ESI=004047CC, EDI=0019FE8C
main	0040405B	mov     edx, dword ptr ss:[ebp]	[0019FF7C]=00000292	EAX=00000034, ECX=00401015, EDX=00000202, EBX=00344000, ESP=0019FE8C, EBP=0019FF7C, ESI=004047CC, EDI=0019FE8C
main	0040405E	add     ebp, 4		EAX=00000034, ECX=00401015, EDX=00000292, EBX=00344000, ESP=0019FE8C, EBP=0019FF7C, ESI=004047CC, EDI=0019FE8C
main	00404061	mov     dword ptr ds:[eax+edi], edx	[0019FEC0]=F0E21567	EAX=00000034, ECX=00401015, EDX=00000292, EBX=00344000, ESP=0019FE8C, EBP=0019FF80, ESI=004047CC, EDI=0019FE8C
main	00404064	jmp     00404751		EAX=00000034, ECX=00401015, EDX=00000292, EBX=00344000, ESP=0019FE8C, EBP=0019FF80, ESI=004047CC, EDI=0019FE8C
main	00404751	mov     al, byte ptr ds:[esi]	[004047CC]=04	EAX=00000034, ECX=00401015, EDX=00000292, EBX=00344000, ESP=0019FE8C, EBP=0019FF80, ESI=004047CC, EDI=0019FE8C
main	00404753	movzx   eax, al		EAX=00000004, ECX=00401015, EDX=00000292, EBX=00344000, ESP=0019FE8C, EBP=0019FF80, ESI=004047CC, EDI=0019FE8C
main	00404756	inc     esi		EAX=00000004, ECX=00401015, EDX=00000292, EBX=00344000, ESP=0019FE8C, EBP=0019FF80, ESI=004047CC, EDI=0019FE8C
main	00404757	jmp     dword ptr ds:[eax*4+40409C]	[004040AC]=004045AF	EAX=00000004, ECX=00401015, EDX=00000292, EBX=00344000, ESP=0019FE8C, EBP=0019FF80, ESI=004047CD, EDI=0019FE8C
main	004045AF	and     al, 3C		EAX=00000004, ECX=00401015, EDX=00000292, EBX=00344000, ESP=0019FE8C, EBP=0019FF80, ESI=004047CD, EDI=0019FE8C
main	004045B2	mov     edx, dword ptr ds:[eax+edi]	[0019FE90]=DEADBEEF	EAX=00000004, ECX=00401015, EDX=00000292, EBX=00344000, ESP=0019FE8C, EBP=0019FF80, ESI=004047CD, EDI=0019FE8C
main	004045B5	sub     ebp, 4		EAX=00000004, ECX=00401015, EDX=DEADBEEF, EBX=00344000, ESP=0019FE8C, EBP=0019FF80, ESI=004047CD, EDI=0019FE8C
main	004045B8	mov     dword ptr ss:[ebp], edx	[0019FF7C]=00000292	EAX=00000004, ECX=00401015, EDX=DEADBEEF, EBX=00344000, ESP=0019FE8C, EBP=0019FF7C, ESI=004047CD, EDI=0019FE8C
main	004045BB	jmp     0040400F		EAX=00000004, ECX=00401015, EDX=DEADBEEF, EBX=00344000, ESP=0019FE8C, EBP=0019FF7C, ESI=004047CD, EDI=0019FE8C
main	0040400F	lea     eax, [edi+50]	[0019FEDC]=00	EAX=00000004, ECX=00401015, EDX=DEADBEEF, EBX=00344000, ESP=0019FE8C, EBP=0019FF7C, ESI=004047CD, EDI=0019FE8C
main	00404012	cmp     ebp, eax		EAX=0019FEDC, ECX=00401015, EDX=DEADBEEF, EBX=00344000, ESP=0019FE8C, EBP=0019FF7C, ESI=004047CD, EDI=0019FE8C
main	00404014	ja      00404751		EAX=0019FEDC, ECX=00401015, EDX=DEADBEEF, EBX=00344000, ESP=0019FE8C, EBP=0019FF7C, ESI=004047CD, EDI=0019FE8C
main	00404751	mov     al, byte ptr ds:[esi]	[004047CD]=69	EAX=0019FEDC, ECX=00401015, EDX=DEADBEEF, EBX=00344000, ESP=0019FE8C, EBP=0019FF7C, ESI=004047CD, EDI=0019FE8C
main	00404753	movzx   eax, al		EAX=0019FE69, ECX=00401015, EDX=DEADBEEF, EBX=00344000, ESP=0019FE8C, EBP=0019FF7C, ESI=004047CD, EDI=0019FE8C
main	00404756	inc     esi		EAX=00000069, ECX=00401015, EDX=DEADBEEF, EBX=00344000, ESP=0019FE8C, EBP=0019FF7C, ESI=004047CD, EDI=0019FE8C
main	00404757	jmp     dword ptr ds:[eax*4+40409C]	[00404240]=0040462B	EAX=00000069, ECX=00401015, EDX=DEADBEEF, EBX=00344000, ESP=0019FE8C, EBP=0019FF7C, ESI=004047CE, EDI=0019FE8C
main	0040462B	mov     eax, dword ptr ds:[esi]	[004047CE]=00403000	EAX=00000069, ECX=00401015, EDX=DEADBEEF, EBX=00344000, ESP=0019FE8C, EBP=0019FF7C, ESI=004047CE, EDI=0019FE8C
main	0040462D	sub     ebp, 4		EAX=00403000, ECX=00401015, EDX=DEADBEEF, EBX=00344000, ESP=0019FE8C, EBP=0019FF7C, ESI=004047CE, EDI=0019FE8C
main	00404630	lea     esi, [esi+4]	[004047D2]=ED	EAX=00403000, ECX=00401015, EDX=DEADBEEF, EBX=00344000, ESP=0019FE8C, EBP=0019FF78, ESI=004047CE, EDI=0019FE8C
main	00404633	mov     dword ptr ss:[ebp], eax	[0019FF78]=00000202	EAX=00403000, ECX=00401015, EDX=DEADBEEF, EBX=00344000, ESP=0019FE8C, EBP=0019FF78, ESI=004047D2, EDI=0019FE8C
main	00404636	jmp     0040400F		EAX=00403000, ECX=00401015, EDX=DEADBEEF, EBX=00344000, ESP=0019FE8C, EBP=0019FF78, ESI=004047D2, EDI=0019FE8C
main	0040400F	lea     eax, [edi+50]	[0019FEDC]=00	EAX=00403000, ECX=00401015, EDX=DEADBEEF, EBX=00344000, ESP=0019FE8C, EBP=0019FF78, ESI=004047D2, EDI=0019FE8C
main	00404012	cmp     ebp, eax		EAX=0019FEDC, ECX=00401015, EDX=DEADBEEF, EBX=00344000, ESP=0019FE8C, EBP=0019FF78, ESI=004047D2, EDI=0019FE8C
main	00404014	ja      00404751		EAX=0019FEDC, ECX=00401015, EDX=DEADBEEF, EBX=00344000, ESP=0019FE8C, EBP=0019FF78, ESI=004047D2, EDI=0019FE8C
main	00404751	mov     al, byte ptr ds:[esi]	[004047D2]=ED	EAX=0019FEDC, ECX=00401015, EDX=DEADBEEF, EBX=00344000, ESP=0019FE8C, EBP=0019FF78, ESI=004047D2, EDI=0019FE8C
main	00404753	movzx   eax, al		EAX=0019FEED, ECX=00401015, EDX=DEADBEEF, EBX=00344000, ESP=0019FE8C, EBP=0019FF78, ESI=004047D2, EDI=0019FE8C
main	00404756	inc     esi		EAX=000000ED, ECX=00401015, EDX=DEADBEEF, EBX=00344000, ESP=0019FE8C, EBP=0019FF78, ESI=004047D2, EDI=0019FE8C
main	00404757	jmp     dword ptr ds:[eax*4+40409C]	[00404450]=00404670	EAX=000000ED, ECX=00401015, EDX=DEADBEEF, EBX=00344000, ESP=0019FE8C, EBP=0019FF78, ESI=004047D3, EDI=0019FE8C
main	00404670	mov     eax, dword ptr ss:[ebp]	[0019FF78]=00403000	EAX=000000ED, ECX=00401015, EDX=DEADBEEF, EBX=00344000, ESP=0019FE8C, EBP=0019FF78, ESI=004047D3, EDI=0019FE8C
main	00404673	mov     edx, dword ptr ss:[ebp+4]	[0019FF7C]=DEADBEEF	EAX=00403000, ECX=00401015, EDX=DEADBEEF, EBX=00344000, ESP=0019FE8C, EBP=0019FF78, ESI=004047D3, EDI=0019FE8C
main	00404676	add     ebp, 8		EAX=00403000, ECX=00401015, EDX=DEADBEEF, EBX=00344000, ESP=0019FE8C, EBP=0019FF78, ESI=004047D3, EDI=0019FE8C
main	00404679	mov     dword ptr ds:[eax], edx	[00403000]=DEADBEEF	EAX=00403000, ECX=00401015, EDX=DEADBEEF, EBX=00344000, ESP=0019FE8C, EBP=0019FF80, ESI=004047D3, EDI=0019FE8C
main	0040467B	jmp     00404751		EAX=00403000, ECX=00401015, EDX=DEADBEEF, EBX=00344000, ESP=0019FE8C, EBP=0019FF80, ESI=004047D3, EDI=0019FE8C
main	00404751	mov     al, byte ptr ds:[esi]	[004047D3]=00	EAX=00403000, ECX=00401015, EDX=DEADBEEF, EBX=00344000, ESP=0019FE8C, EBP=0019FF80, ESI=004047D3, EDI=0019FE8C
main	00404753	movzx   eax, al		EAX=00403000, ECX=00401015, EDX=DEADBEEF, EBX=00344000, ESP=0019FE8C, EBP=0019FF80, ESI=004047D3, EDI=0019FE8C
main	00404756	inc     esi		EAX=00000000, ECX=00401015, EDX=DEADBEEF, EBX=00344000, ESP=0019FE8C, EBP=0019FF80, ESI=004047D3, EDI=0019FE8C
main	00404757	jmp     dword ptr ds:[eax*4+40409C]	[0040409C]=004045AF	EAX=00000000, ECX=00401015, EDX=DEADBEEF, EBX=00344000, ESP=0019FE8C, EBP=0019FF80, ESI=004047D4, EDI=0019FE8C
main	004045AF	and     al, 3C		EAX=00000000, ECX=00401015, EDX=DEADBEEF, EBX=00344000, ESP=0019FE8C, EBP=0019FF80, ESI=004047D4, EDI=0019FE8C
main	004045B2	mov     edx, dword ptr ds:[eax+edi]	[0019FE8C]=00401015	EAX=00000000, ECX=00401015, EDX=DEADBEEF, EBX=00344000, ESP=0019FE8C, EBP=0019FF80, ESI=004047D4, EDI=0019FE8C
main	004045B5	sub     ebp, 4		EAX=00000000, ECX=00401015, EDX=00401015, EBX=00344000, ESP=0019FE8C, EBP=0019FF80, ESI=004047D4, EDI=0019FE8C
main	004045B8	mov     dword ptr ss:[ebp], edx	[0019FF7C]=DEADBEEF	EAX=00000000, ECX=00401015, EDX=00401015, EBX=00344000, ESP=0019FE8C, EBP=0019FF7C, ESI=004047D4, EDI=0019FE8C
main	004045BB	jmp     0040400F		EAX=00000000, ECX=00401015, EDX=00401015, EBX=00344000, ESP=0019FE8C, EBP=0019FF7C, ESI=004047D4, EDI=0019FE8C
main	0040400F	lea     eax, [edi+50]	[0019FEDC]=00	EAX=00000000, ECX=00401015, EDX=00401015, EBX=00344000, ESP=0019FE8C, EBP=0019FF7C, ESI=004047D4, EDI=0019FE8C
main	00404012	cmp     ebp, eax		EAX=0019FEDC, ECX=00401015, EDX=00401015, EBX=00344000, ESP=0019FE8C, EBP=0019FF7C, ESI=004047D4, EDI=0019FE8C
main	00404014	ja      00404751		EAX=0019FEDC, ECX=00401015, EDX=00401015, EBX=00344000, ESP=0019FE8C, EBP=0019FF7C, ESI=004047D4, EDI=0019FE8C
main	00404751	mov     al, byte ptr ds:[esi]	[004047D4]=10	EAX=0019FEDC, ECX=00401015, EDX=00401015, EBX=00344000, ESP=0019FE8C, EBP=0019FF7C, ESI=004047D4, EDI=0019FE8C
main	00404753	movzx   eax, al		EAX=0019FE10, ECX=00401015, EDX=00401015, EBX=00344000, ESP=0019FE8C, EBP=0019FF7C, ESI=004047D4, EDI=0019FE8C
main	00404756	inc     esi		EAX=00000010, ECX=00401015, EDX=00401015, EBX=00344000, ESP=0019FE8C, EBP=0019FF7C, ESI=004047D4, EDI=0019FE8C
main	00404757	jmp     dword ptr ds:[eax*4+40409C]	[004040DC]=004045AF	EAX=00000010, ECX=00401015, EDX=00401015, EBX=00344000, ESP=0019FE8C, EBP=0019FF7C, ESI=004047D5, EDI=0019FE8C
main	004045AF	and     al, 3C		EAX=00000010, ECX=00401015, EDX=00401015, EBX=00344000, ESP=0019FE8C, EBP=0019FF7C, ESI=004047D5, EDI=0019FE8C
main	004045B2	mov     edx, dword ptr ds:[eax+edi]	[0019FE9C]=00401015	EAX=00000010, ECX=00401015, EDX=00401015, EBX=00344000, ESP=0019FE8C, EBP=0019FF7C, ESI=004047D5, EDI=0019FE8C
main	004045B5	sub     ebp, 4		EAX=00000010, ECX=00401015, EDX=00401015, EBX=00344000, ESP=0019FE8C, EBP=0019FF7C, ESI=004047D5, EDI=0019FE8C
main	004045B8	mov     dword ptr ss:[ebp], edx	[0019FF78]=00403000	EAX=00000010, ECX=00401015, EDX=00401015, EBX=00344000, ESP=0019FE8C, EBP=0019FF78, ESI=004047D5, EDI=0019FE8C
main	004045BB	jmp     0040400F		EAX=00000010, ECX=00401015, EDX=00401015, EBX=00344000, ESP=0019FE8C, EBP=0019FF78, ESI=004047D5, EDI=0019FE8C
main	0040400F	lea     eax, [edi+50]	[0019FEDC]=00	EAX=00000010, ECX=00401015, EDX=00401015, EBX=00344000, ESP=0019FE8C, EBP=0019FF78, ESI=004047D5, EDI=0019FE8C
main	00404012	cmp     ebp, eax		EAX=0019FEDC, ECX=00401015, EDX=00401015, EBX=00344000, ESP=0019FE8C, EBP=0019FF78, ESI=004047D5, EDI=0019FE8C
main	00404014	ja      00404751		EAX=0019FEDC, ECX=00401015, EDX=00401015, EBX=00344000, ESP=0019FE8C, EBP=0019FF78, ESI=004047D5, EDI=0019FE8C
main	00404751	mov     al, byte ptr ds:[esi]	[004047D5]=20	EAX=0019FEDC, ECX=00401015, EDX=00401015, EBX=00344000, ESP=0019FE8C, EBP=0019FF78, ESI=004047D5, EDI=0019FE8C
main	00404753	movzx   eax, al		EAX=0019FE20, ECX=00401015, EDX=00401015, EBX=00344000, ESP=0019FE8C, EBP=0019FF78, ESI=004047D5, EDI=0019FE8C
main	00404756	inc     esi		EAX=00000020, ECX=00401015, EDX=00401015, EBX=00344000, ESP=0019FE8C, EBP=0019FF78, ESI=004047D5, EDI=0019FE8C
main	00404757	jmp     dword ptr ds:[eax*4+40409C]	[0040411C]=004045AF	EAX=00000020, ECX=00401015, EDX=00401015, EBX=00344000, ESP=0019FE8C, EBP=0019FF78, ESI=004047D6, EDI=0019FE8C
main	004045AF	and     al, 3C		EAX=00000020, ECX=00401015, EDX=00401015, EBX=00344000, ESP=0019FE8C, EBP=0019FF78, ESI=004047D6, EDI=0019FE8C
main	004045B2	mov     edx, dword ptr ds:[eax+edi]	[0019FEAC]=00000282	EAX=00000020, ECX=00401015, EDX=00401015, EBX=00344000, ESP=0019FE8C, EBP=0019FF78, ESI=004047D6, EDI=0019FE8C
main	004045B5	sub     ebp, 4		EAX=00000020, ECX=00401015, EDX=00000282, EBX=00344000, ESP=0019FE8C, EBP=0019FF78, ESI=004047D6, EDI=0019FE8C
main	004045B8	mov     dword ptr ss:[ebp], edx	[0019FF74]=00000206	EAX=00000020, ECX=00401015, EDX=00000282, EBX=00344000, ESP=0019FE8C, EBP=0019FF74, ESI=004047D6, EDI=0019FE8C
main	004045BB	jmp     0040400F		EAX=00000020, ECX=00401015, EDX=00000282, EBX=00344000, ESP=0019FE8C, EBP=0019FF74, ESI=004047D6, EDI=0019FE8C
main	0040400F	lea     eax, [edi+50]	[0019FEDC]=00	EAX=00000020, ECX=00401015, EDX=00000282, EBX=00344000, ESP=0019FE8C, EBP=0019FF74, ESI=004047D6, EDI=0019FE8C
main	00404012	cmp     ebp, eax		EAX=0019FEDC, ECX=00401015, EDX=00000282, EBX=00344000, ESP=0019FE8C, EBP=0019FF74, ESI=004047D6, EDI=0019FE8C
main	00404014	ja      00404751		EAX=0019FEDC, ECX=00401015, EDX=00000282, EBX=00344000, ESP=0019FE8C, EBP=0019FF74, ESI=004047D6, EDI=0019FE8C
main	00404751	mov     al, byte ptr ds:[esi]	[004047D6]=38	EAX=0019FEDC, ECX=00401015, EDX=00000282, EBX=00344000, ESP=0019FE8C, EBP=0019FF74, ESI=004047D6, EDI=0019FE8C
main	00404753	movzx   eax, al		EAX=0019FE38, ECX=00401015, EDX=00000282, EBX=00344000, ESP=0019FE8C, EBP=0019FF74, ESI=004047D6, EDI=0019FE8C
main	00404756	inc     esi		EAX=00000038, ECX=00401015, EDX=00000282, EBX=00344000, ESP=0019FE8C, EBP=0019FF74, ESI=004047D6, EDI=0019FE8C
main	00404757	jmp     dword ptr ds:[eax*4+40409C]	[0040417C]=004045AF	EAX=00000038, ECX=00401015, EDX=00000282, EBX=00344000, ESP=0019FE8C, EBP=0019FF74, ESI=004047D7, EDI=0019FE8C
main	004045AF	and     al, 3C		EAX=00000038, ECX=00401015, EDX=00000282, EBX=00344000, ESP=0019FE8C, EBP=0019FF74, ESI=004047D7, EDI=0019FE8C
main	004045B2	mov     edx, dword ptr ds:[eax+edi]	[0019FEC4]=00344000	EAX=00000038, ECX=00401015, EDX=00000282, EBX=00344000, ESP=0019FE8C, EBP=0019FF74, ESI=004047D7, EDI=0019FE8C
main	004045B5	sub     ebp, 4		EAX=00000038, ECX=00401015, EDX=00344000, EBX=00344000, ESP=0019FE8C, EBP=0019FF74, ESI=004047D7, EDI=0019FE8C
main	004045B8	mov     dword ptr ss:[ebp], edx	[0019FF70]=00401015	EAX=00000038, ECX=00401015, EDX=00344000, EBX=00344000, ESP=0019FE8C, EBP=0019FF70, ESI=004047D7, EDI=0019FE8C
main	004045BB	jmp     0040400F		EAX=00000038, ECX=00401015, EDX=00344000, EBX=00344000, ESP=0019FE8C, EBP=0019FF70, ESI=004047D7, EDI=0019FE8C
main	0040400F	lea     eax, [edi+50]	[0019FEDC]=00	EAX=00000038, ECX=00401015, EDX=00344000, EBX=00344000, ESP=0019FE8C, EBP=0019FF70, ESI=004047D7, EDI=0019FE8C
main	00404012	cmp     ebp, eax		EAX=0019FEDC, ECX=00401015, EDX=00344000, EBX=00344000, ESP=0019FE8C, EBP=0019FF70, ESI=004047D7, EDI=0019FE8C
main	00404014	ja      00404751		EAX=0019FEDC, ECX=00401015, EDX=00344000, EBX=00344000, ESP=0019FE8C, EBP=0019FF70, ESI=004047D7, EDI=0019FE8C
main	00404751	mov     al, byte ptr ds:[esi]	[004047D7]=04	EAX=0019FEDC, ECX=00401015, EDX=00344000, EBX=00344000, ESP=0019FE8C, EBP=0019FF70, ESI=004047D7, EDI=0019FE8C
main	00404753	movzx   eax, al		EAX=0019FE04, ECX=00401015, EDX=00344000, EBX=00344000, ESP=0019FE8C, EBP=0019FF70, ESI=004047D7, EDI=0019FE8C
main	00404756	inc     esi		EAX=00000004, ECX=00401015, EDX=00344000, EBX=00344000, ESP=0019FE8C, EBP=0019FF70, ESI=004047D7, EDI=0019FE8C
main	00404757	jmp     dword ptr ds:[eax*4+40409C]	[004040AC]=004045AF	EAX=00000004, ECX=00401015, EDX=00344000, EBX=00344000, ESP=0019FE8C, EBP=0019FF70, ESI=004047D8, EDI=0019FE8C
main	004045AF	and     al, 3C		EAX=00000004, ECX=00401015, EDX=00344000, EBX=00344000, ESP=0019FE8C, EBP=0019FF70, ESI=004047D8, EDI=0019FE8C
main	004045B2	mov     edx, dword ptr ds:[eax+edi]	[0019FE90]=DEADBEEF	EAX=00000004, ECX=00401015, EDX=00344000, EBX=00344000, ESP=0019FE8C, EBP=0019FF70, ESI=004047D8, EDI=0019FE8C
main	004045B5	sub     ebp, 4		EAX=00000004, ECX=00401015, EDX=DEADBEEF, EBX=00344000, ESP=0019FE8C, EBP=0019FF70, ESI=004047D8, EDI=0019FE8C
main	004045B8	mov     dword ptr ss:[ebp], edx	[0019FF6C]=0019FF70	EAX=00000004, ECX=00401015, EDX=DEADBEEF, EBX=00344000, ESP=0019FE8C, EBP=0019FF6C, ESI=004047D8, EDI=0019FE8C
main	004045BB	jmp     0040400F		EAX=00000004, ECX=00401015, EDX=DEADBEEF, EBX=00344000, ESP=0019FE8C, EBP=0019FF6C, ESI=004047D8, EDI=0019FE8C
main	0040400F	lea     eax, [edi+50]	[0019FEDC]=00	EAX=00000004, ECX=00401015, EDX=DEADBEEF, EBX=00344000, ESP=0019FE8C, EBP=0019FF6C, ESI=004047D8, EDI=0019FE8C
main	00404012	cmp     ebp, eax		EAX=0019FEDC, ECX=00401015, EDX=DEADBEEF, EBX=00344000, ESP=0019FE8C, EBP=0019FF6C, ESI=004047D8, EDI=0019FE8C
main	00404014	ja      00404751		EAX=0019FEDC, ECX=00401015, EDX=DEADBEEF, EBX=00344000, ESP=0019FE8C, EBP=0019FF6C, ESI=004047D8, EDI=0019FE8C
main	00404751	mov     al, byte ptr ds:[esi]	[004047D8]=24	EAX=0019FEDC, ECX=00401015, EDX=DEADBEEF, EBX=00344000, ESP=0019FE8C, EBP=0019FF6C, ESI=004047D8, EDI=0019FE8C
main	00404753	movzx   eax, al		EAX=0019FE24, ECX=00401015, EDX=DEADBEEF, EBX=00344000, ESP=0019FE8C, EBP=0019FF6C, ESI=004047D8, EDI=0019FE8C
main	00404756	inc     esi		EAX=00000024, ECX=00401015, EDX=DEADBEEF, EBX=00344000, ESP=0019FE8C, EBP=0019FF6C, ESI=004047D8, EDI=0019FE8C
main	00404757	jmp     dword ptr ds:[eax*4+40409C]	[0040412C]=004045AF	EAX=00000024, ECX=00401015, EDX=DEADBEEF, EBX=00344000, ESP=0019FE8C, EBP=0019FF6C, ESI=004047D9, EDI=0019FE8C
main	004045AF	and     al, 3C		EAX=00000024, ECX=00401015, EDX=DEADBEEF, EBX=00344000, ESP=0019FE8C, EBP=0019FF6C, ESI=004047D9, EDI=0019FE8C
main	004045B2	mov     edx, dword ptr ds:[eax+edi]	[0019FEB0]=00401015	EAX=00000024, ECX=00401015, EDX=DEADBEEF, EBX=00344000, ESP=0019FE8C, EBP=0019FF6C, ESI=004047D9, EDI=0019FE8C
main	004045B5	sub     ebp, 4		EAX=00000024, ECX=00401015, EDX=00401015, EBX=00344000, ESP=0019FE8C, EBP=0019FF6C, ESI=004047D9, EDI=0019FE8C
main	004045B8	mov     dword ptr ss:[ebp], edx	[0019FF68]=00344000	EAX=00000024, ECX=00401015, EDX=00401015, EBX=00344000, ESP=0019FE8C, EBP=0019FF68, ESI=004047D9, EDI=0019FE8C
main	004045BB	jmp     0040400F		EAX=00000024, ECX=00401015, EDX=00401015, EBX=00344000, ESP=0019FE8C, EBP=0019FF68, ESI=004047D9, EDI=0019FE8C
main	0040400F	lea     eax, [edi+50]	[0019FEDC]=00	EAX=00000024, ECX=00401015, EDX=00401015, EBX=00344000, ESP=0019FE8C, EBP=0019FF68, ESI=004047D9, EDI=0019FE8C
main	00404012	cmp     ebp, eax		EAX=0019FEDC, ECX=00401015, EDX=00401015, EBX=00344000, ESP=0019FE8C, EBP=0019FF68, ESI=004047D9, EDI=0019FE8C
main	00404014	ja      00404751		EAX=0019FEDC, ECX=00401015, EDX=00401015, EBX=00344000, ESP=0019FE8C, EBP=0019FF68, ESI=004047D9, EDI=0019FE8C
main	00404751	mov     al, byte ptr ds:[esi]	[004047D9]=2C	EAX=0019FEDC, ECX=00401015, EDX=00401015, EBX=00344000, ESP=0019FE8C, EBP=0019FF68, ESI=004047D9, EDI=0019FE8C
main	00404753	movzx   eax, al		EAX=0019FE2C, ECX=00401015, EDX=00401015, EBX=00344000, ESP=0019FE8C, EBP=0019FF68, ESI=004047D9, EDI=0019FE8C
main	00404756	inc     esi		EAX=0000002C, ECX=00401015, EDX=00401015, EBX=00344000, ESP=0019FE8C, EBP=0019FF68, ESI=004047D9, EDI=0019FE8C
main	00404757	jmp     dword ptr ds:[eax*4+40409C]	[0040414C]=004045AF	EAX=0000002C, ECX=00401015, EDX=00401015, EBX=00344000, ESP=0019FE8C, EBP=0019FF68, ESI=004047DA, EDI=0019FE8C
main	004045AF	and     al, 3C		EAX=0000002C, ECX=00401015, EDX=00401015, EBX=00344000, ESP=0019FE8C, EBP=0019FF68, ESI=004047DA, EDI=0019FE8C
main	004045B2	mov     edx, dword ptr ds:[eax+edi]	[0019FEB8]=0019FF94	EAX=0000002C, ECX=00401015, EDX=00401015, EBX=00344000, ESP=0019FE8C, EBP=0019FF68, ESI=004047DA, EDI=0019FE8C
main	004045B5	sub     ebp, 4		EAX=0000002C, ECX=00401015, EDX=0019FF94, EBX=00344000, ESP=0019FE8C, EBP=0019FF68, ESI=004047DA, EDI=0019FE8C
main	004045B8	mov     dword ptr ss:[ebp], edx	[0019FF64]=099B4127	EAX=0000002C, ECX=00401015, EDX=0019FF94, EBX=00344000, ESP=0019FE8C, EBP=0019FF64, ESI=004047DA, EDI=0019FE8C
main	004045BB	jmp     0040400F		EAX=0000002C, ECX=00401015, EDX=0019FF94, EBX=00344000, ESP=0019FE8C, EBP=0019FF64, ESI=004047DA, EDI=0019FE8C
main	0040400F	lea     eax, [edi+50]	[0019FEDC]=00	EAX=0000002C, ECX=00401015, EDX=0019FF94, EBX=00344000, ESP=0019FE8C, EBP=0019FF64, ESI=004047DA, EDI=0019FE8C
main	00404012	cmp     ebp, eax		EAX=0019FEDC, ECX=00401015, EDX=0019FF94, EBX=00344000, ESP=0019FE8C, EBP=0019FF64, ESI=004047DA, EDI=0019FE8C
main	00404014	ja      00404751		EAX=0019FEDC, ECX=00401015, EDX=0019FF94, EBX=00344000, ESP=0019FE8C, EBP=0019FF64, ESI=004047DA, EDI=0019FE8C
main	00404751	mov     al, byte ptr ds:[esi]	[004047DA]=34	EAX=0019FEDC, ECX=00401015, EDX=0019FF94, EBX=00344000, ESP=0019FE8C, EBP=0019FF64, ESI=004047DA, EDI=0019FE8C
main	00404753	movzx   eax, al		EAX=0019FE34, ECX=00401015, EDX=0019FF94, EBX=00344000, ESP=0019FE8C, EBP=0019FF64, ESI=004047DA, EDI=0019FE8C
main	00404756	inc     esi		EAX=00000034, ECX=00401015, EDX=0019FF94, EBX=00344000, ESP=0019FE8C, EBP=0019FF64, ESI=004047DA, EDI=0019FE8C
main	00404757	jmp     dword ptr ds:[eax*4+40409C]	[0040416C]=004045AF	EAX=00000034, ECX=00401015, EDX=0019FF94, EBX=00344000, ESP=0019FE8C, EBP=0019FF64, ESI=004047DB, EDI=0019FE8C
main	004045AF	and     al, 3C		EAX=00000034, ECX=00401015, EDX=0019FF94, EBX=00344000, ESP=0019FE8C, EBP=0019FF64, ESI=004047DB, EDI=0019FE8C
main	004045B2	mov     edx, dword ptr ds:[eax+edi]	[0019FEC0]=00000292	EAX=00000034, ECX=00401015, EDX=0019FF94, EBX=00344000, ESP=0019FE8C, EBP=0019FF64, ESI=004047DB, EDI=0019FE8C
main	004045B5	sub     ebp, 4		EAX=00000034, ECX=00401015, EDX=00000292, EBX=00344000, ESP=0019FE8C, EBP=0019FF64, ESI=004047DB, EDI=0019FE8C
main	004045B8	mov     dword ptr ss:[ebp], edx	[0019FF60]=00401015	EAX=00000034, ECX=00401015, EDX=00000292, EBX=00344000, ESP=0019FE8C, EBP=0019FF60, ESI=004047DB, EDI=0019FE8C
main	004045BB	jmp     0040400F		EAX=00000034, ECX=00401015, EDX=00000292, EBX=00344000, ESP=0019FE8C, EBP=0019FF60, ESI=004047DB, EDI=0019FE8C
main	0040400F	lea     eax, [edi+50]	[0019FEDC]=00	EAX=00000034, ECX=00401015, EDX=00000292, EBX=00344000, ESP=0019FE8C, EBP=0019FF60, ESI=004047DB, EDI=0019FE8C
main	00404012	cmp     ebp, eax		EAX=0019FEDC, ECX=00401015, EDX=00000292, EBX=00344000, ESP=0019FE8C, EBP=0019FF60, ESI=004047DB, EDI=0019FE8C
main	00404014	ja      00404751		EAX=0019FEDC, ECX=00401015, EDX=00000292, EBX=00344000, ESP=0019FE8C, EBP=0019FF60, ESI=004047DB, EDI=0019FE8C
main	00404751	mov     al, byte ptr ds:[esi]	[004047DB]=08	EAX=0019FEDC, ECX=00401015, EDX=00000292, EBX=00344000, ESP=0019FE8C, EBP=0019FF60, ESI=004047DB, EDI=0019FE8C
main	00404753	movzx   eax, al		EAX=0019FE08, ECX=00401015, EDX=00000292, EBX=00344000, ESP=0019FE8C, EBP=0019FF60, ESI=004047DB, EDI=0019FE8C
main	00404756	inc     esi		EAX=00000008, ECX=00401015, EDX=00000292, EBX=00344000, ESP=0019FE8C, EBP=0019FF60, ESI=004047DB, EDI=0019FE8C
main	00404757	jmp     dword ptr ds:[eax*4+40409C]	[004040BC]=004045AF	EAX=00000008, ECX=00401015, EDX=00000292, EBX=00344000, ESP=0019FE8C, EBP=0019FF60, ESI=004047DC, EDI=0019FE8C
main	004045AF	and     al, 3C		EAX=00000008, ECX=00401015, EDX=00000292, EBX=00344000, ESP=0019FE8C, EBP=0019FF60, ESI=004047DC, EDI=0019FE8C
main	004045B2	mov     edx, dword ptr ds:[eax+edi]	[0019FE94]=00401015	EAX=00000008, ECX=00401015, EDX=00000292, EBX=00344000, ESP=0019FE8C, EBP=0019FF60, ESI=004047DC, EDI=0019FE8C
main	004045B5	sub     ebp, 4		EAX=00000008, ECX=00401015, EDX=00401015, EBX=00344000, ESP=0019FE8C, EBP=0019FF60, ESI=004047DC, EDI=0019FE8C
main	004045B8	mov     dword ptr ss:[ebp], edx	[0019FF5C]=0019FF94	EAX=00000008, ECX=00401015, EDX=00401015, EBX=00344000, ESP=0019FE8C, EBP=0019FF5C, ESI=004047DC, EDI=0019FE8C
main	004045BB	jmp     0040400F		EAX=00000008, ECX=00401015, EDX=00401015, EBX=00344000, ESP=0019FE8C, EBP=0019FF5C, ESI=004047DC, EDI=0019FE8C
main	0040400F	lea     eax, [edi+50]	[0019FEDC]=00	EAX=00000008, ECX=00401015, EDX=00401015, EBX=00344000, ESP=0019FE8C, EBP=0019FF5C, ESI=004047DC, EDI=0019FE8C
main	00404012	cmp     ebp, eax		EAX=0019FEDC, ECX=00401015, EDX=00401015, EBX=00344000, ESP=0019FE8C, EBP=0019FF5C, ESI=004047DC, EDI=0019FE8C
main	00404014	ja      00404751		EAX=0019FEDC, ECX=00401015, EDX=00401015, EBX=00344000, ESP=0019FE8C, EBP=0019FF5C, ESI=004047DC, EDI=0019FE8C
main	00404751	mov     al, byte ptr ds:[esi]	[004047DC]=1C	EAX=0019FEDC, ECX=00401015, EDX=00401015, EBX=00344000, ESP=0019FE8C, EBP=0019FF5C, ESI=004047DC, EDI=0019FE8C
main	00404753	movzx   eax, al		EAX=0019FE1C, ECX=00401015, EDX=00401015, EBX=00344000, ESP=0019FE8C, EBP=0019FF5C, ESI=004047DC, EDI=0019FE8C
main	00404756	inc     esi		EAX=0000001C, ECX=00401015, EDX=00401015, EBX=00344000, ESP=0019FE8C, EBP=0019FF5C, ESI=004047DC, EDI=0019FE8C
main	00404757	jmp     dword ptr ds:[eax*4+40409C]	[0040410C]=004045AF	EAX=0000001C, ECX=00401015, EDX=00401015, EBX=00344000, ESP=0019FE8C, EBP=0019FF5C, ESI=004047DD, EDI=0019FE8C
main	004045AF	and     al, 3C		EAX=0000001C, ECX=00401015, EDX=00401015, EBX=00344000, ESP=0019FE8C, EBP=0019FF5C, ESI=004047DD, EDI=0019FE8C
main	004045B2	mov     edx, dword ptr ds:[eax+edi]	[0019FEA8]=00000202	EAX=0000001C, ECX=00401015, EDX=00401015, EBX=00344000, ESP=0019FE8C, EBP=0019FF5C, ESI=004047DD, EDI=0019FE8C
main	004045B5	sub     ebp, 4		EAX=0000001C, ECX=00401015, EDX=00000202, EBX=00344000, ESP=0019FE8C, EBP=0019FF5C, ESI=004047DD, EDI=0019FE8C
main	004045B8	mov     dword ptr ss:[ebp], edx	[0019FF58]=00000246	EAX=0000001C, ECX=00401015, EDX=00000202, EBX=00344000, ESP=0019FE8C, EBP=0019FF58, ESI=004047DD, EDI=0019FE8C
main	004045BB	jmp     0040400F		EAX=0000001C, ECX=00401015, EDX=00000202, EBX=00344000, ESP=0019FE8C, EBP=0019FF58, ESI=004047DD, EDI=0019FE8C
main	0040400F	lea     eax, [edi+50]	[0019FEDC]=00	EAX=0000001C, ECX=00401015, EDX=00000202, EBX=00344000, ESP=0019FE8C, EBP=0019FF58, ESI=004047DD, EDI=0019FE8C
main	00404012	cmp     ebp, eax		EAX=0019FEDC, ECX=00401015, EDX=00000202, EBX=00344000, ESP=0019FE8C, EBP=0019FF58, ESI=004047DD, EDI=0019FE8C
main	00404014	ja      00404751		EAX=0019FEDC, ECX=00401015, EDX=00000202, EBX=00344000, ESP=0019FE8C, EBP=0019FF58, ESI=004047DD, EDI=0019FE8C
main	00404751	mov     al, byte ptr ds:[esi]	[004047DD]=00	EAX=0019FEDC, ECX=00401015, EDX=00000202, EBX=00344000, ESP=0019FE8C, EBP=0019FF58, ESI=004047DD, EDI=0019FE8C
main	00404753	movzx   eax, al		EAX=0019FE00, ECX=00401015, EDX=00000202, EBX=00344000, ESP=0019FE8C, EBP=0019FF58, ESI=004047DD, EDI=0019FE8C
main	00404756	inc     esi		EAX=00000000, ECX=00401015, EDX=00000202, EBX=00344000, ESP=0019FE8C, EBP=0019FF58, ESI=004047DD, EDI=0019FE8C
main	00404757	jmp     dword ptr ds:[eax*4+40409C]	[0040409C]=004045AF	EAX=00000000, ECX=00401015, EDX=00000202, EBX=00344000, ESP=0019FE8C, EBP=0019FF58, ESI=004047DE, EDI=0019FE8C
main	004045AF	and     al, 3C		EAX=00000000, ECX=00401015, EDX=00000202, EBX=00344000, ESP=0019FE8C, EBP=0019FF58, ESI=004047DE, EDI=0019FE8C
main	004045B2	mov     edx, dword ptr ds:[eax+edi]	[0019FE8C]=00401015	EAX=00000000, ECX=00401015, EDX=00000202, EBX=00344000, ESP=0019FE8C, EBP=0019FF58, ESI=004047DE, EDI=0019FE8C
main	004045B5	sub     ebp, 4		EAX=00000000, ECX=00401015, EDX=00401015, EBX=00344000, ESP=0019FE8C, EBP=0019FF58, ESI=004047DE, EDI=0019FE8C
main	004045B8	mov     dword ptr ss:[ebp], edx	[0019FF54]=00401015	EAX=00000000, ECX=00401015, EDX=00401015, EBX=00344000, ESP=0019FE8C, EBP=0019FF54, ESI=004047DE, EDI=0019FE8C
main	004045BB	jmp     0040400F		EAX=00000000, ECX=00401015, EDX=00401015, EBX=00344000, ESP=0019FE8C, EBP=0019FF54, ESI=004047DE, EDI=0019FE8C
main	0040400F	lea     eax, [edi+50]	[0019FEDC]=00	EAX=00000000, ECX=00401015, EDX=00401015, EBX=00344000, ESP=0019FE8C, EBP=0019FF54, ESI=004047DE, EDI=0019FE8C
main	00404012	cmp     ebp, eax		EAX=0019FEDC, ECX=00401015, EDX=00401015, EBX=00344000, ESP=0019FE8C, EBP=0019FF54, ESI=004047DE, EDI=0019FE8C
main	00404014	ja      00404751		EAX=0019FEDC, ECX=00401015, EDX=00401015, EBX=00344000, ESP=0019FE8C, EBP=0019FF54, ESI=004047DE, EDI=0019FE8C
main	00404751	mov     al, byte ptr ds:[esi]	[004047DE]=E1	EAX=0019FEDC, ECX=00401015, EDX=00401015, EBX=00344000, ESP=0019FE8C, EBP=0019FF54, ESI=004047DE, EDI=0019FE8C
main	00404753	movzx   eax, al		EAX=0019FEE1, ECX=00401015, EDX=00401015, EBX=00344000, ESP=0019FE8C, EBP=0019FF54, ESI=004047DE, EDI=0019FE8C
main	00404756	inc     esi		EAX=000000E1, ECX=00401015, EDX=00401015, EBX=00344000, ESP=0019FE8C, EBP=0019FF54, ESI=004047DE, EDI=0019FE8C
main	00404757	jmp     dword ptr ds:[eax*4+40409C]	[00404420]=0040408E	EAX=000000E1, ECX=00401015, EDX=00401015, EBX=00344000, ESP=0019FE8C, EBP=0019FF54, ESI=004047DF, EDI=0019FE8C
main	0040408E	mov     esp, ebp		EAX=000000E1, ECX=00401015, EDX=00401015, EBX=00344000, ESP=0019FE8C, EBP=0019FF54, ESI=004047DF, EDI=0019FE8C
main	00404090	pop     edx	[0019FF54]=00401015	EAX=000000E1, ECX=00401015, EDX=00401015, EBX=00344000, ESP=0019FF54, EBP=0019FF54, ESI=004047DF, EDI=0019FE8C
main	00404091	pop     ebx	[0019FF58]=00000202	EAX=000000E1, ECX=00401015, EDX=00401015, EBX=00344000, ESP=0019FF58, EBP=0019FF54, ESI=004047DF, EDI=0019FE8C
main	00404092	pop     ecx	[0019FF5C]=00401015	EAX=000000E1, ECX=00401015, EDX=00401015, EBX=00000202, ESP=0019FF5C, EBP=0019FF54, ESI=004047DF, EDI=0019FE8C
main	00404093	popfd	[0019FF60]=00000292	EAX=000000E1, ECX=00401015, EDX=00401015, EBX=00000202, ESP=0019FF60, EBP=0019FF54, ESI=004047DF, EDI=0019FE8C
main	00404094	pop     ebp	[0019FF64]=0019FF94	EAX=000000E1, ECX=00401015, EDX=00401015, EBX=00000202, ESP=0019FF64, EBP=0019FF54, ESI=004047DF, EDI=0019FE8C
main	00404095	pop     edx	[0019FF68]=00401015	EAX=000000E1, ECX=00401015, EDX=00401015, EBX=00000202, ESP=0019FF68, EBP=0019FF94, ESI=004047DF, EDI=0019FE8C
main	00404096	pop     eax	[0019FF6C]=DEADBEEF	EAX=000000E1, ECX=00401015, EDX=00401015, EBX=00000202, ESP=0019FF6C, EBP=0019FF94, ESI=004047DF, EDI=0019FE8C
main	00404097	pop     ebx	[0019FF70]=00344000	EAX=DEADBEEF, ECX=00401015, EDX=00401015, EBX=00000202, ESP=0019FF70, EBP=0019FF94, ESI=004047DF, EDI=0019FE8C
main	00404098	pop     esi	[0019FF74]=00000282	EAX=DEADBEEF, ECX=00401015, EDX=00401015, EBX=00344000, ESP=0019FF74, EBP=0019FF94, ESI=004047DF, EDI=0019FE8C
main	00404099	pop     edi	[0019FF78]=00401015	EAX=DEADBEEF, ECX=00401015, EDX=00401015, EBX=00344000, ESP=0019FF78, EBP=0019FF94, ESI=00000282, EDI=0019FE8C
main	0040409A	pop     esi	[0019FF7C]=00401015	EAX=DEADBEEF, ECX=00401015, EDX=00401015, EBX=00344000, ESP=0019FF7C, EBP=0019FF94, ESI=00000282, EDI=00401015
main	0040409B	retn	[0019FF80]=0040101A	EAX=DEADBEEF, ECX=00401015, EDX=00401015, EBX=00344000, ESP=0019FF80, EBP=0019FF94, ESI=00401015, EDI=00401015
main	0040101A	push    0	[0019FF80]=0040101A	EAX=DEADBEEF, ECX=00401015, EDX=00401015, EBX=00344000, ESP=0019FF84, EBP=0019FF94, ESI=00401015, EDI=00401015
--------  Logging stopped

